2025-10-09 10:44:04,311 - INFO - 正在合并旧的错误日志文件...
2025-10-09 10:44:04,312 - INFO - 旧错误日志文件已合并
2025-10-09 10:44:04,312 - INFO - ==================================================
2025-10-09 10:44:04,312 - INFO - 开始执行日历同步
2025-10-09 10:44:04,312 - INFO - 开始日历同步...
2025-10-09 10:44:04,312 - INFO - 正在连接CalDAV服务器...
2025-10-09 10:44:05,737 - INFO - CalDAV连接成功
2025-10-09 10:44:05,737 - INFO - 正在连接iCloud...
2025-10-09 10:44:05,737 - INFO - iCloud集成模块加载成功
2025-10-09 10:44:07,073 - INFO - 找到 6 个可用日历:
2025-10-09 10:44:07,074 - INFO -   1. 王一藩的日历  (URL: https://caldav.wecom.work/calendar/1688855111690473/)
2025-10-09 10:44:07,074 - INFO -   2. 任务  (URL: https://caldav.wecom.work/calendar/F23bSwRJSeHFQPf2kggAgB1/)
2025-10-09 10:44:07,074 - INFO -   3. 公共节日  (URL: https://caldav.wecom.work/calendar/F23KGlU~_lZ2M4SojBYAQT6/)
2025-10-09 10:44:07,074 - INFO -   4. 2  (URL: https://caldav.wecom.work/calendar/17801386787276822/)
2025-10-09 10:44:07,074 - INFO -   5. 3  (URL: https://caldav.wecom.work/calendar/17882888095621966/)
2025-10-09 10:44:07,074 - INFO -   6. wangyifan  (URL: https://caldav.wecom.work/calendar/wangyifan%40jfrjeffery.wecom.work/)
2025-10-09 10:44:07,074 - INFO - 使用所有可用日历（共6个）
2025-10-09 10:44:07,074 - INFO - 正在从日历 '王一藩的日历 ' 获取事件...
2025-10-09 10:44:13,339 - INFO - 从日历 '王一藩的日历 ' 获取到 13 个事件
2025-10-09 10:44:13,339 - INFO - 正在从日历 '任务 ' 获取事件...
2025-10-09 10:44:14,175 - INFO - 从日历 '任务 ' 获取到 0 个事件
2025-10-09 10:44:14,176 - INFO - 正在从日历 '公共节日 ' 获取事件...
2025-10-09 10:44:15,059 - INFO - 从日历 '公共节日 ' 获取到 0 个事件
2025-10-09 10:44:15,059 - INFO - 正在从日历 '2 ' 获取事件...
2025-10-09 10:44:15,878 - INFO - 从日历 '2 ' 获取到 0 个事件
2025-10-09 10:44:15,878 - INFO - 正在从日历 '3 ' 获取事件...
2025-10-09 10:44:17,049 - INFO - 从日历 '3 ' 获取到 0 个事件
2025-10-09 10:44:17,049 - INFO - 正在从日历 'wangyifan ' 获取事件...
2025-10-09 10:44:17,858 - INFO - 从日历 'wangyifan ' 获取到 0 个事件
2025-10-09 10:44:17,858 - INFO - 总共获取到 13 个CalDAV事件
2025-10-09 10:44:17,859 - INFO - 检测到新增事件：创研部例会 (Key: b06180847e7e452e1678ecfffe596274ejxtwicx#2025-09-26T10:30:00+08:00)
2025-10-09 10:44:17,859 - INFO - 检测到新增事件：创研部例会 (Key: b06180847e7e452e1678ecfffe596274ejxtwicx#2025-10-03T10:30:00+08:00)
2025-10-09 10:44:17,860 - INFO - 检测到新增事件：创研部例会 (Key: b06180847e7e452e1678ecfffe596274ejxtwicx#2025-10-10T10:30:00+08:00)
2025-10-09 10:44:17,860 - INFO - 检测到新增事件：创研部例会 (Key: b06180847e7e452e1678ecfffe596274ejxtwicx#2025-10-17T10:30:00+08:00)
2025-10-09 10:44:17,860 - INFO - 检测到新增事件：创研部例会 (Key: b06180847e7e452e1678ecfffe596274ejxtwicx#2025-10-24T10:30:00+08:00)
2025-10-09 10:44:17,860 - INFO - 检测到新增事件：创研部例会 (Key: b06180847e7e452e1678ecfffe596274ejxtwicx#2025-10-31T10:30:00+08:00)
2025-10-09 10:44:17,860 - INFO - 检测到新增事件：创研部例会 (Key: b06180847e7e452e1678ecfffe596274ejxtwicx#2025-11-07T10:30:00+08:00)
2025-10-09 10:44:17,860 - INFO - 检测到新增事件：创研部例会 (Key: b06180847e7e452e1678ecfffe596274ejxtwicx#2025-11-14T10:30:00+08:00)
2025-10-09 10:44:17,860 - INFO - 检测到新增事件：创研部例会 (Key: b06180847e7e452e1678ecfffe596274ejxtwicx#2025-11-21T10:30:00+08:00)
2025-10-09 10:44:17,860 - INFO - 检测到新增事件：NUS OAR陈会长国大接待 (Key: 1014c507bbe527d78c5c6c32f383fd54exolgltz)
2025-10-09 10:44:17,860 - INFO - 检测到新增事件：test modify (Key: 606e7aa75bb9089252c34932c068ec63xsouungv)
2025-10-09 10:44:17,860 - INFO - 检测到新增事件：test add (Key: c5ccfd994c92d89b4217ae35936fe028cfvorjtp)
2025-10-09 10:44:17,860 - INFO - 检测到新增事件：test2 (Key: c8f5c115d1d48ca82c1d13ef4b6314d8fsdsnuua)
2025-10-09 10:44:17,860 - INFO - 检测到删除事件：test1 (Key: 0a74f3f23bfc373051c5eb181ccda1e1gutwxkkj)
2025-10-09 10:44:17,861 - INFO - 检测到删除事件：日程2 (Key: 5f29dd9d18f7bc131124fc0523a4364azprapsvf)
2025-10-09 10:44:17,861 - INFO - 检测到删除事件：test4 (Key: ab70636da4040634668952d5975f871akozljenm)
2025-10-09 10:44:17,861 - INFO - 检测到删除事件：日程1 (Key: 702b16e2ca1539ce2b321daa67653090jgrqdfac)
2025-10-09 10:44:17,861 - INFO - 检测iCloud中被手动删除的事件...
2025-10-09 10:44:18,698 - INFO - 未发现iCloud中被手动删除的事件
2025-10-09 10:44:18,698 - INFO - 检测到变化：新增 13 个，修改 0 个，删除 4 个，iCloud恢复 0 个
2025-10-09 10:44:18,698 - INFO - 新增事件详情:
2025-10-09 10:44:18,698 - INFO -   + 创研部例会 (Key: b06180847e7e452e1678ecfffe596274ejxtwicx#2025-09-26T10:30:00+08:00)
2025-10-09 10:44:18,699 - INFO -   + 创研部例会 (Key: b06180847e7e452e1678ecfffe596274ejxtwicx#2025-10-03T10:30:00+08:00)
2025-10-09 10:44:18,699 - INFO -   + 创研部例会 (Key: b06180847e7e452e1678ecfffe596274ejxtwicx#2025-10-10T10:30:00+08:00)
2025-10-09 10:44:18,699 - INFO -   + 创研部例会 (Key: b06180847e7e452e1678ecfffe596274ejxtwicx#2025-10-17T10:30:00+08:00)
2025-10-09 10:44:18,699 - INFO -   + 创研部例会 (Key: b06180847e7e452e1678ecfffe596274ejxtwicx#2025-10-24T10:30:00+08:00)
2025-10-09 10:44:18,699 - INFO -   + 创研部例会 (Key: b06180847e7e452e1678ecfffe596274ejxtwicx#2025-10-31T10:30:00+08:00)
2025-10-09 10:44:18,699 - INFO -   + 创研部例会 (Key: b06180847e7e452e1678ecfffe596274ejxtwicx#2025-11-07T10:30:00+08:00)
2025-10-09 10:44:18,699 - INFO -   + 创研部例会 (Key: b06180847e7e452e1678ecfffe596274ejxtwicx#2025-11-14T10:30:00+08:00)
2025-10-09 10:44:18,699 - INFO -   + 创研部例会 (Key: b06180847e7e452e1678ecfffe596274ejxtwicx#2025-11-21T10:30:00+08:00)
2025-10-09 10:44:18,700 - INFO -   + NUS OAR陈会长国大接待 (Key: 1014c507bbe527d78c5c6c32f383fd54exolgltz)
2025-10-09 10:44:18,700 - INFO -   + test modify (Key: 606e7aa75bb9089252c34932c068ec63xsouungv)
2025-10-09 10:44:18,700 - INFO -   + test add (Key: c5ccfd994c92d89b4217ae35936fe028cfvorjtp)
2025-10-09 10:44:18,700 - INFO -   + test2 (Key: c8f5c115d1d48ca82c1d13ef4b6314d8fsdsnuua)
2025-10-09 10:44:18,700 - INFO - 删除事件详情:
2025-10-09 10:44:18,700 - INFO -   - test1 (Key: 0a74f3f23bfc373051c5eb181ccda1e1gutwxkkj)
2025-10-09 10:44:18,700 - INFO -   - 日程2 (Key: 5f29dd9d18f7bc131124fc0523a4364azprapsvf)
2025-10-09 10:44:18,700 - INFO -   - test4 (Key: ab70636da4040634668952d5975f871akozljenm)
2025-10-09 10:44:18,700 - INFO -   - 日程1 (Key: 702b16e2ca1539ce2b321daa67653090jgrqdfac)
2025-10-09 10:44:18,700 - INFO - 开始同步到iCloud...
2025-10-09 10:44:18,700 - INFO - 开始同步 17 个事件到iCloud日历
2025-10-09 10:44:19,043 - INFO - ✅ 新增事件：创研部例会 (Key: b06180847e7e452e1678ecfffe596274ejxtwicx#2025-09-26T10:30:00+08:00)
2025-10-09 10:44:19,384 - INFO - ✅ 新增事件：创研部例会 (Key: b06180847e7e452e1678ecfffe596274ejxtwicx#2025-10-03T10:30:00+08:00)
2025-10-09 10:44:19,733 - INFO - ✅ 新增事件：创研部例会 (Key: b06180847e7e452e1678ecfffe596274ejxtwicx#2025-10-10T10:30:00+08:00)
2025-10-09 10:44:20,076 - INFO - ✅ 新增事件：创研部例会 (Key: b06180847e7e452e1678ecfffe596274ejxtwicx#2025-10-17T10:30:00+08:00)
2025-10-09 10:44:20,410 - INFO - ✅ 新增事件：创研部例会 (Key: b06180847e7e452e1678ecfffe596274ejxtwicx#2025-10-24T10:30:00+08:00)
2025-10-09 10:44:20,748 - INFO - ✅ 新增事件：创研部例会 (Key: b06180847e7e452e1678ecfffe596274ejxtwicx#2025-10-31T10:30:00+08:00)
2025-10-09 10:44:21,092 - INFO - ✅ 新增事件：创研部例会 (Key: b06180847e7e452e1678ecfffe596274ejxtwicx#2025-11-07T10:30:00+08:00)
2025-10-09 10:44:21,423 - INFO - ✅ 新增事件：创研部例会 (Key: b06180847e7e452e1678ecfffe596274ejxtwicx#2025-11-14T10:30:00+08:00)
2025-10-09 10:44:21,756 - INFO - ✅ 新增事件：创研部例会 (Key: b06180847e7e452e1678ecfffe596274ejxtwicx#2025-11-21T10:30:00+08:00)
2025-10-09 10:44:22,092 - INFO - ✅ 新增事件：NUS OAR陈会长国大接待 (Key: 1014c507bbe527d78c5c6c32f383fd54exolgltz)
2025-10-09 10:44:22,425 - INFO - ✅ 新增事件：test modify (Key: 606e7aa75bb9089252c34932c068ec63xsouungv)
2025-10-09 10:44:22,752 - INFO - ✅ 新增事件：test add (Key: c5ccfd994c92d89b4217ae35936fe028cfvorjtp)
2025-10-09 10:44:23,078 - INFO - ✅ 新增事件：test2 (Key: c8f5c115d1d48ca82c1d13ef4b6314d8fsdsnuua)
2025-10-09 10:44:24,127 - INFO - ✅ 删除事件：test1 (Key: 0a74f3f23bfc373051c5eb181ccda1e1gutwxkkj)
2025-10-09 10:44:24,965 - INFO - ✅ 删除事件：日程2 (Key: 5f29dd9d18f7bc131124fc0523a4364azprapsvf)
2025-10-09 10:44:25,892 - INFO - ✅ 删除事件：test4 (Key: ab70636da4040634668952d5975f871akozljenm)
2025-10-09 10:44:26,618 - INFO - ✅ 删除事件：日程1 (Key: 702b16e2ca1539ce2b321daa67653090jgrqdfac)
2025-10-09 10:44:26,621 - INFO - 成功同步 17/17 个事件
2025-10-09 10:44:26,621 - INFO - iCloud同步完成
2025-10-09 10:44:26,622 - INFO - 日历同步完成
2025-10-09 10:44:26,622 - INFO - 开始验证同步结果...
2025-10-09 10:44:28,043 - INFO - CalDAV事件数量: 13
2025-10-09 10:44:28,044 - INFO - iCloud事件数量: 13
2025-10-09 10:44:28,044 - INFO - CalDAV事件键: 13
2025-10-09 10:44:28,044 - INFO - 同步状态键: 13
2025-10-09 10:44:28,044 - INFO - iCloud同步标记键: 13
2025-10-09 10:44:28,045 - INFO - 状态表同步覆盖率: 100.00% (13/13)
2025-10-09 10:44:28,045 - INFO - 实际iCloud同步覆盖率: 100.00% (13/13)
2025-10-09 10:44:28,045 - INFO - 标题匹配度: 100.00% (5/5)
2025-10-09 10:44:28,045 - INFO - ✅ 事件内容验证通过
2025-10-09 10:44:28,045 - INFO - ✅ 同步验证通过：CalDAV和iCloud日历完全一致
2025-10-09 10:44:28,045 - INFO - 同步执行成功
2025-10-09 10:44:28,045 - INFO - ==================================================
2025-10-09 10:45:02,940 - INFO - 正在合并旧的错误日志文件...
2025-10-09 10:45:02,940 - INFO - 旧错误日志文件已合并
2025-10-09 10:45:02,940 - INFO - ==================================================
2025-10-09 10:45:02,940 - INFO - 开始执行日历同步
2025-10-09 10:45:02,940 - INFO - 开始日历同步...
2025-10-09 10:45:02,941 - INFO - 正在连接CalDAV服务器...
2025-10-09 10:45:03,755 - INFO - CalDAV连接成功
2025-10-09 10:45:03,755 - INFO - 正在连接iCloud...
2025-10-09 10:45:03,756 - INFO - iCloud集成模块加载成功
2025-10-09 10:45:04,928 - INFO - 找到 5 个可用日历:
2025-10-09 10:45:04,928 - INFO -   1. 王一藩的日历  (URL: https://caldav.wecom.work/calendar/1688855111690473/)
2025-10-09 10:45:04,928 - INFO -   2. 任务  (URL: https://caldav.wecom.work/calendar/F23bSwRJSeHFQPf2kggAgB1/)
2025-10-09 10:45:04,928 - INFO -   3. 公共节日  (URL: https://caldav.wecom.work/calendar/F23KGlU~_lZ2M4SojBYAQT6/)
2025-10-09 10:45:04,928 - INFO -   4. 3  (URL: https://caldav.wecom.work/calendar/17882888095621966/)
2025-10-09 10:45:04,928 - INFO -   5. wangyifan  (URL: https://caldav.wecom.work/calendar/wangyifan%40jfrjeffery.wecom.work/)
2025-10-09 10:45:04,928 - INFO - 使用所有可用日历（共5个）
2025-10-09 10:45:04,928 - INFO - 正在从日历 '王一藩的日历 ' 获取事件...
2025-10-09 10:45:10,572 - INFO - 从日历 '王一藩的日历 ' 获取到 13 个事件
2025-10-09 10:45:10,572 - INFO - 正在从日历 '任务 ' 获取事件...
2025-10-09 10:45:11,275 - INFO - 从日历 '任务 ' 获取到 0 个事件
2025-10-09 10:45:11,275 - INFO - 正在从日历 '公共节日 ' 获取事件...
2025-10-09 10:45:11,990 - INFO - 从日历 '公共节日 ' 获取到 0 个事件
2025-10-09 10:45:11,990 - INFO - 正在从日历 '3 ' 获取事件...
2025-10-09 10:45:12,705 - INFO - 从日历 '3 ' 获取到 0 个事件
2025-10-09 10:45:12,705 - INFO - 正在从日历 'wangyifan ' 获取事件...
2025-10-09 10:45:14,077 - INFO - 从日历 'wangyifan ' 获取到 0 个事件
2025-10-09 10:45:14,077 - INFO - 总共获取到 13 个CalDAV事件
2025-10-09 10:45:14,078 - INFO - 检测iCloud中被手动删除的事件...
2025-10-09 10:45:15,507 - INFO - 未发现iCloud中被手动删除的事件
2025-10-09 10:45:15,508 - INFO - 检测到变化：新增 0 个，修改 0 个，删除 0 个，iCloud恢复 0 个
2025-10-09 10:45:15,508 - INFO - 没有检测到变化，跳过同步
2025-10-09 10:45:15,508 - INFO - 同步执行成功
2025-10-09 10:45:15,508 - INFO - ==================================================
2025-10-09 10:46:05,683 - INFO - 正在合并旧的错误日志文件...
2025-10-09 10:46:05,683 - INFO - 旧错误日志文件已合并
2025-10-09 10:46:05,683 - INFO - ==================================================
2025-10-09 10:46:05,683 - INFO - 开始执行日历同步
2025-10-09 10:46:05,683 - INFO - 开始日历同步...
2025-10-09 10:46:05,684 - INFO - 正在连接CalDAV服务器...
2025-10-09 10:46:06,671 - INFO - CalDAV连接成功
2025-10-09 10:46:06,672 - INFO - 正在连接iCloud...
2025-10-09 10:46:06,672 - INFO - iCloud集成模块加载成功
2025-10-09 10:46:07,771 - INFO - 找到 5 个可用日历:
2025-10-09 10:46:07,772 - INFO -   1. 王一藩的日历  (URL: https://caldav.wecom.work/calendar/1688855111690473/)
2025-10-09 10:46:07,772 - INFO -   2. 任务  (URL: https://caldav.wecom.work/calendar/F23bSwRJSeHFQPf2kggAgB1/)
2025-10-09 10:46:07,772 - INFO -   3. 公共节日  (URL: https://caldav.wecom.work/calendar/F23KGlU~_lZ2M4SojBYAQT6/)
2025-10-09 10:46:07,772 - INFO -   4. 3  (URL: https://caldav.wecom.work/calendar/17882888095621966/)
2025-10-09 10:46:07,772 - INFO -   5. wangyifan  (URL: https://caldav.wecom.work/calendar/wangyifan%40jfrjeffery.wecom.work/)
2025-10-09 10:46:07,772 - INFO - 使用所有可用日历（共5个）
2025-10-09 10:46:07,772 - INFO - 正在从日历 '王一藩的日历 ' 获取事件...
2025-10-09 10:46:13,826 - INFO - 从日历 '王一藩的日历 ' 获取到 13 个事件
2025-10-09 10:46:13,826 - INFO - 正在从日历 '任务 ' 获取事件...
2025-10-09 10:46:14,523 - INFO - 从日历 '任务 ' 获取到 0 个事件
2025-10-09 10:46:14,523 - INFO - 正在从日历 '公共节日 ' 获取事件...
2025-10-09 10:46:15,271 - INFO - 从日历 '公共节日 ' 获取到 0 个事件
2025-10-09 10:46:15,271 - INFO - 正在从日历 '3 ' 获取事件...
2025-10-09 10:46:16,015 - INFO - 从日历 '3 ' 获取到 0 个事件
2025-10-09 10:46:16,015 - INFO - 正在从日历 'wangyifan ' 获取事件...
2025-10-09 10:46:16,711 - INFO - 从日历 'wangyifan ' 获取到 0 个事件
2025-10-09 10:46:16,711 - INFO - 总共获取到 13 个CalDAV事件
2025-10-09 10:46:16,713 - INFO - 检测iCloud中被手动删除的事件...
2025-10-09 10:46:22,537 - INFO - 未发现iCloud中被手动删除的事件
2025-10-09 10:46:22,553 - INFO - 检测到变化：新增 0 个，修改 0 个，删除 0 个，iCloud恢复 0 个
2025-10-09 10:46:22,553 - INFO - 没有检测到变化，跳过同步
2025-10-09 10:46:22,553 - INFO - 同步执行成功
2025-10-09 10:46:22,553 - INFO - ==================================================
2025-10-09 10:47:05,365 - INFO - 正在合并旧的错误日志文件...
2025-10-09 10:47:05,365 - INFO - 旧错误日志文件已合并
2025-10-09 10:47:05,366 - INFO - ==================================================
2025-10-09 10:47:05,366 - INFO - 开始执行日历同步
2025-10-09 10:47:05,366 - INFO - 开始日历同步...
2025-10-09 10:47:05,366 - INFO - 正在连接CalDAV服务器...
2025-10-09 10:47:07,021 - INFO - CalDAV连接成功
2025-10-09 10:47:07,021 - INFO - 正在连接iCloud...
2025-10-09 10:47:07,022 - INFO - iCloud集成模块加载成功
2025-10-09 10:47:08,522 - INFO - 找到 5 个可用日历:
2025-10-09 10:47:08,522 - INFO -   1. 王一藩的日历  (URL: https://caldav.wecom.work/calendar/1688855111690473/)
2025-10-09 10:47:08,522 - INFO -   2. 任务  (URL: https://caldav.wecom.work/calendar/F23bSwRJSeHFQPf2kggAgB1/)
2025-10-09 10:47:08,522 - INFO -   3. 公共节日  (URL: https://caldav.wecom.work/calendar/F23KGlU~_lZ2M4SojBYAQT6/)
2025-10-09 10:47:08,522 - INFO -   4. 3  (URL: https://caldav.wecom.work/calendar/17882888095621966/)
2025-10-09 10:47:08,523 - INFO -   5. wangyifan  (URL: https://caldav.wecom.work/calendar/wangyifan%40jfrjeffery.wecom.work/)
2025-10-09 10:47:08,523 - INFO - 使用所有可用日历（共5个）
2025-10-09 10:47:08,524 - INFO - 正在从日历 '王一藩的日历 ' 获取事件...
2025-10-09 10:47:15,220 - INFO - 从日历 '王一藩的日历 ' 获取到 13 个事件
2025-10-09 10:47:15,221 - INFO - 正在从日历 '任务 ' 获取事件...
2025-10-09 10:47:16,087 - INFO - 从日历 '任务 ' 获取到 0 个事件
2025-10-09 10:47:16,087 - INFO - 正在从日历 '公共节日 ' 获取事件...
2025-10-09 10:47:16,995 - INFO - 从日历 '公共节日 ' 获取到 0 个事件
2025-10-09 10:47:16,995 - INFO - 正在从日历 '3 ' 获取事件...
2025-10-09 10:47:17,839 - INFO - 从日历 '3 ' 获取到 0 个事件
2025-10-09 10:47:17,839 - INFO - 正在从日历 'wangyifan ' 获取事件...
2025-10-09 10:47:18,746 - INFO - 从日历 'wangyifan ' 获取到 0 个事件
2025-10-09 10:47:18,746 - INFO - 总共获取到 13 个CalDAV事件
2025-10-09 10:47:18,747 - INFO - 检测iCloud中被手动删除的事件...
2025-10-09 10:47:20,308 - INFO - 未发现iCloud中被手动删除的事件
2025-10-09 10:47:20,309 - INFO - 检测到变化：新增 0 个，修改 0 个，删除 0 个，iCloud恢复 0 个
2025-10-09 10:47:20,309 - INFO - 没有检测到变化，跳过同步
2025-10-09 10:47:20,309 - INFO - 同步执行成功
2025-10-09 10:47:20,309 - INFO - ==================================================
2025-10-09 10:48:04,915 - INFO - 正在合并旧的错误日志文件...
2025-10-09 10:48:04,916 - INFO - 旧错误日志文件已合并
2025-10-09 10:48:04,916 - INFO - ==================================================
2025-10-09 10:48:04,916 - INFO - 开始执行日历同步
2025-10-09 10:48:04,916 - INFO - 开始日历同步...
2025-10-09 10:48:04,916 - INFO - 正在连接CalDAV服务器...
2025-10-09 10:48:06,071 - INFO - CalDAV连接成功
2025-10-09 10:48:06,072 - INFO - 正在连接iCloud...
2025-10-09 10:48:06,072 - INFO - iCloud集成模块加载成功
2025-10-09 10:48:07,283 - INFO - 找到 6 个可用日历:
2025-10-09 10:48:07,283 - INFO -   1. 王一藩的日历  (URL: https://caldav.wecom.work/calendar/1688855111690473/)
2025-10-09 10:48:07,283 - INFO -   2. 任务  (URL: https://caldav.wecom.work/calendar/F23bSwRJSeHFQPf2kggAgB1/)
2025-10-09 10:48:07,283 - INFO -   3. 公共节日  (URL: https://caldav.wecom.work/calendar/F23KGlU~_lZ2M4SojBYAQT6/)
2025-10-09 10:48:07,283 - INFO -   4. 2  (URL: https://caldav.wecom.work/calendar/17801386787276822/)
2025-10-09 10:48:07,283 - INFO -   5. 3  (URL: https://caldav.wecom.work/calendar/17882888095621966/)
2025-10-09 10:48:07,284 - INFO -   6. wangyifan  (URL: https://caldav.wecom.work/calendar/wangyifan%40jfrjeffery.wecom.work/)
2025-10-09 10:48:07,284 - INFO - 使用所有可用日历（共6个）
2025-10-09 10:48:07,284 - INFO - 正在从日历 '王一藩的日历 ' 获取事件...
2025-10-09 10:48:12,542 - INFO - 从日历 '王一藩的日历 ' 获取到 13 个事件
2025-10-09 10:48:12,543 - INFO - 正在从日历 '任务 ' 获取事件...
2025-10-09 10:48:13,198 - INFO - 从日历 '任务 ' 获取到 0 个事件
2025-10-09 10:48:13,199 - INFO - 正在从日历 '公共节日 ' 获取事件...
2025-10-09 10:48:13,908 - INFO - 从日历 '公共节日 ' 获取到 0 个事件
2025-10-09 10:48:13,908 - INFO - 正在从日历 '2 ' 获取事件...
2025-10-09 10:48:14,597 - INFO - 从日历 '2 ' 获取到 0 个事件
2025-10-09 10:48:14,597 - INFO - 正在从日历 '3 ' 获取事件...
2025-10-09 10:48:15,322 - INFO - 从日历 '3 ' 获取到 0 个事件
2025-10-09 10:48:15,322 - INFO - 正在从日历 'wangyifan ' 获取事件...
2025-10-09 10:48:16,214 - INFO - 从日历 'wangyifan ' 获取到 0 个事件
2025-10-09 10:48:16,215 - INFO - 总共获取到 13 个CalDAV事件
2025-10-09 10:48:16,216 - INFO - 检测iCloud中被手动删除的事件...
2025-10-09 10:48:17,455 - INFO - 未发现iCloud中被手动删除的事件
2025-10-09 10:48:17,456 - INFO - 检测到变化：新增 0 个，修改 0 个，删除 0 个，iCloud恢复 0 个
2025-10-09 10:48:17,458 - INFO - 没有检测到变化，跳过同步
2025-10-09 10:48:17,458 - INFO - 同步执行成功
2025-10-09 10:48:17,458 - INFO - ==================================================
2025-10-09 10:49:05,894 - INFO - 正在合并旧的错误日志文件...
2025-10-09 10:49:05,895 - INFO - 旧错误日志文件已合并
2025-10-09 10:49:05,895 - INFO - ==================================================
2025-10-09 10:49:05,895 - INFO - 开始执行日历同步
2025-10-09 10:49:05,895 - INFO - 开始日历同步...
2025-10-09 10:49:05,895 - INFO - 正在连接CalDAV服务器...
2025-10-09 10:49:07,972 - INFO - CalDAV连接成功
2025-10-09 10:49:07,973 - INFO - 正在连接iCloud...
2025-10-09 10:49:07,973 - INFO - iCloud集成模块加载成功
2025-10-09 10:49:09,104 - INFO - 找到 6 个可用日历:
2025-10-09 10:49:09,104 - INFO -   1. 王一藩的日历  (URL: https://caldav.wecom.work/calendar/1688855111690473/)
2025-10-09 10:49:09,104 - INFO -   2. 任务  (URL: https://caldav.wecom.work/calendar/F23bSwRJSeHFQPf2kggAgB1/)
2025-10-09 10:49:09,104 - INFO -   3. 公共节日  (URL: https://caldav.wecom.work/calendar/F23KGlU~_lZ2M4SojBYAQT6/)
2025-10-09 10:49:09,104 - INFO -   4. 2  (URL: https://caldav.wecom.work/calendar/17801386787276822/)
2025-10-09 10:49:09,105 - INFO -   5. 3  (URL: https://caldav.wecom.work/calendar/17882888095621966/)
2025-10-09 10:49:09,105 - INFO -   6. wangyifan  (URL: https://caldav.wecom.work/calendar/wangyifan%40jfrjeffery.wecom.work/)
2025-10-09 10:49:09,105 - INFO - 使用所有可用日历（共6个）
2025-10-09 10:49:09,105 - INFO - 正在从日历 '王一藩的日历 ' 获取事件...
2025-10-09 10:49:14,882 - INFO - 从日历 '王一藩的日历 ' 获取到 13 个事件
2025-10-09 10:49:14,882 - INFO - 正在从日历 '任务 ' 获取事件...
2025-10-09 10:49:15,774 - INFO - 从日历 '任务 ' 获取到 0 个事件
2025-10-09 10:49:15,774 - INFO - 正在从日历 '公共节日 ' 获取事件...
2025-10-09 10:49:16,743 - INFO - 从日历 '公共节日 ' 获取到 0 个事件
2025-10-09 10:49:16,743 - INFO - 正在从日历 '2 ' 获取事件...
2025-10-09 10:49:17,332 - INFO - 从日历 '2 ' 获取到 0 个事件
2025-10-09 10:49:17,332 - INFO - 正在从日历 '3 ' 获取事件...
2025-10-09 10:49:18,095 - INFO - 从日历 '3 ' 获取到 0 个事件
2025-10-09 10:49:18,096 - INFO - 正在从日历 'wangyifan ' 获取事件...
2025-10-09 10:49:18,775 - INFO - 从日历 'wangyifan ' 获取到 0 个事件
2025-10-09 10:49:18,775 - INFO - 总共获取到 13 个CalDAV事件
2025-10-09 10:49:18,776 - INFO - 检测iCloud中被手动删除的事件...
2025-10-09 10:49:20,142 - INFO - 未发现iCloud中被手动删除的事件
2025-10-09 10:49:20,142 - INFO - 检测到变化：新增 0 个，修改 0 个，删除 0 个，iCloud恢复 0 个
2025-10-09 10:49:20,143 - INFO - 没有检测到变化，跳过同步
2025-10-09 10:49:20,143 - INFO - 同步执行成功
2025-10-09 10:49:20,143 - INFO - ==================================================
2025-10-09 10:50:05,274 - INFO - 正在合并旧的错误日志文件...
2025-10-09 10:50:05,274 - INFO - 旧错误日志文件已合并
2025-10-09 10:50:05,274 - INFO - ==================================================
2025-10-09 10:50:05,274 - INFO - 开始执行日历同步
2025-10-09 10:50:05,274 - INFO - 开始日历同步...
2025-10-09 10:50:05,274 - INFO - 正在连接CalDAV服务器...
2025-10-09 10:50:06,112 - INFO - CalDAV连接成功
2025-10-09 10:50:06,113 - INFO - 正在连接iCloud...
2025-10-09 10:50:06,113 - INFO - iCloud集成模块加载成功
2025-10-09 10:50:07,262 - INFO - 找到 5 个可用日历:
2025-10-09 10:50:07,262 - INFO -   1. 王一藩的日历  (URL: https://caldav.wecom.work/calendar/1688855111690473/)
2025-10-09 10:50:07,262 - INFO -   2. 任务  (URL: https://caldav.wecom.work/calendar/F23bSwRJSeHFQPf2kggAgB1/)
2025-10-09 10:50:07,262 - INFO -   3. 公共节日  (URL: https://caldav.wecom.work/calendar/F23KGlU~_lZ2M4SojBYAQT6/)
2025-10-09 10:50:07,262 - INFO -   4. 3  (URL: https://caldav.wecom.work/calendar/17882888095621966/)
2025-10-09 10:50:07,262 - INFO -   5. wangyifan  (URL: https://caldav.wecom.work/calendar/wangyifan%40jfrjeffery.wecom.work/)
2025-10-09 10:50:07,262 - INFO - 使用所有可用日历（共5个）
2025-10-09 10:50:07,262 - INFO - 正在从日历 '王一藩的日历 ' 获取事件...
2025-10-09 10:50:12,593 - INFO - 从日历 '王一藩的日历 ' 获取到 13 个事件
2025-10-09 10:50:12,593 - INFO - 正在从日历 '任务 ' 获取事件...
2025-10-09 10:50:13,265 - INFO - 从日历 '任务 ' 获取到 0 个事件
2025-10-09 10:50:13,266 - INFO - 正在从日历 '公共节日 ' 获取事件...
2025-10-09 10:50:13,966 - INFO - 从日历 '公共节日 ' 获取到 0 个事件
2025-10-09 10:50:13,967 - INFO - 正在从日历 '3 ' 获取事件...
2025-10-09 10:50:14,735 - INFO - 从日历 '3 ' 获取到 0 个事件
2025-10-09 10:50:14,735 - INFO - 正在从日历 'wangyifan ' 获取事件...
2025-10-09 10:50:15,470 - INFO - 从日历 'wangyifan ' 获取到 0 个事件
2025-10-09 10:50:15,470 - INFO - 总共获取到 13 个CalDAV事件
2025-10-09 10:50:15,471 - INFO - 检测iCloud中被手动删除的事件...
2025-10-09 10:50:21,235 - INFO - 未发现iCloud中被手动删除的事件
2025-10-09 10:50:21,235 - INFO - 检测到变化：新增 0 个，修改 0 个，删除 0 个，iCloud恢复 0 个
2025-10-09 10:50:21,235 - INFO - 没有检测到变化，跳过同步
2025-10-09 10:50:21,236 - INFO - 同步执行成功
2025-10-09 10:50:21,236 - INFO - ==================================================
2025-10-09 10:51:04,804 - INFO - 正在合并旧的错误日志文件...
2025-10-09 10:51:04,805 - INFO - 旧错误日志文件已合并
2025-10-09 10:51:04,805 - INFO - ==================================================
2025-10-09 10:51:04,805 - INFO - 开始执行日历同步
2025-10-09 10:51:04,805 - INFO - 开始日历同步...
2025-10-09 10:51:04,805 - INFO - 正在连接CalDAV服务器...
2025-10-09 10:51:05,722 - INFO - CalDAV连接成功
2025-10-09 10:51:05,722 - INFO - 正在连接iCloud...
2025-10-09 10:51:05,723 - INFO - iCloud集成模块加载成功
2025-10-09 10:51:06,810 - INFO - 找到 5 个可用日历:
2025-10-09 10:51:06,810 - INFO -   1. 王一藩的日历  (URL: https://caldav.wecom.work/calendar/1688855111690473/)
2025-10-09 10:51:06,810 - INFO -   2. 任务  (URL: https://caldav.wecom.work/calendar/F23bSwRJSeHFQPf2kggAgB1/)
2025-10-09 10:51:06,811 - INFO -   3. 公共节日  (URL: https://caldav.wecom.work/calendar/F23KGlU~_lZ2M4SojBYAQT6/)
2025-10-09 10:51:06,811 - INFO -   4. 3  (URL: https://caldav.wecom.work/calendar/17882888095621966/)
2025-10-09 10:51:06,811 - INFO -   5. wangyifan  (URL: https://caldav.wecom.work/calendar/wangyifan%40jfrjeffery.wecom.work/)
2025-10-09 10:51:06,811 - INFO - 使用所有可用日历（共5个）
2025-10-09 10:51:06,812 - INFO - 正在从日历 '王一藩的日历 ' 获取事件...
2025-10-09 10:51:12,508 - INFO - 从日历 '王一藩的日历 ' 获取到 13 个事件
2025-10-09 10:51:12,508 - INFO - 正在从日历 '任务 ' 获取事件...
2025-10-09 10:51:13,239 - INFO - 从日历 '任务 ' 获取到 0 个事件
2025-10-09 10:51:13,239 - INFO - 正在从日历 '公共节日 ' 获取事件...
2025-10-09 10:51:13,993 - INFO - 从日历 '公共节日 ' 获取到 0 个事件
2025-10-09 10:51:13,993 - INFO - 正在从日历 '3 ' 获取事件...
2025-10-09 10:51:14,675 - INFO - 从日历 '3 ' 获取到 0 个事件
2025-10-09 10:51:14,675 - INFO - 正在从日历 'wangyifan ' 获取事件...
2025-10-09 10:51:15,382 - INFO - 从日历 'wangyifan ' 获取到 0 个事件
2025-10-09 10:51:15,382 - INFO - 总共获取到 13 个CalDAV事件
2025-10-09 10:51:15,384 - INFO - 检测iCloud中被手动删除的事件...
2025-10-09 10:51:20,388 - INFO - 未发现iCloud中被手动删除的事件
2025-10-09 10:51:20,389 - INFO - 检测到变化：新增 0 个，修改 0 个，删除 0 个，iCloud恢复 0 个
2025-10-09 10:51:20,389 - INFO - 没有检测到变化，跳过同步
2025-10-09 10:51:20,390 - INFO - 同步执行成功
2025-10-09 10:51:20,390 - INFO - ==================================================
2025-10-09 10:52:04,907 - INFO - 正在合并旧的错误日志文件...
2025-10-09 10:52:04,908 - INFO - 旧错误日志文件已合并
2025-10-09 10:52:04,908 - INFO - ==================================================
2025-10-09 10:52:04,908 - INFO - 开始执行日历同步
2025-10-09 10:52:04,908 - INFO - 开始日历同步...
2025-10-09 10:52:04,908 - INFO - 正在连接CalDAV服务器...
2025-10-09 10:52:05,758 - INFO - CalDAV连接成功
2025-10-09 10:52:05,759 - INFO - 正在连接iCloud...
2025-10-09 10:52:05,759 - INFO - iCloud集成模块加载成功
2025-10-09 10:52:06,914 - INFO - 找到 5 个可用日历:
2025-10-09 10:52:06,914 - INFO -   1. 王一藩的日历  (URL: https://caldav.wecom.work/calendar/1688855111690473/)
2025-10-09 10:52:06,914 - INFO -   2. 任务  (URL: https://caldav.wecom.work/calendar/F23bSwRJSeHFQPf2kggAgB1/)
2025-10-09 10:52:06,914 - INFO -   3. 公共节日  (URL: https://caldav.wecom.work/calendar/F23KGlU~_lZ2M4SojBYAQT6/)
2025-10-09 10:52:06,915 - INFO -   4. 3  (URL: https://caldav.wecom.work/calendar/17882888095621966/)
2025-10-09 10:52:06,915 - INFO -   5. wangyifan  (URL: https://caldav.wecom.work/calendar/wangyifan%40jfrjeffery.wecom.work/)
2025-10-09 10:52:06,915 - INFO - 使用所有可用日历（共5个）
2025-10-09 10:52:06,915 - INFO - 正在从日历 '王一藩的日历 ' 获取事件...
2025-10-09 10:52:12,721 - INFO - 从日历 '王一藩的日历 ' 获取到 13 个事件
2025-10-09 10:52:12,721 - INFO - 正在从日历 '任务 ' 获取事件...
2025-10-09 10:52:13,536 - INFO - 从日历 '任务 ' 获取到 0 个事件
2025-10-09 10:52:13,536 - INFO - 正在从日历 '公共节日 ' 获取事件...
2025-10-09 10:52:14,527 - INFO - 从日历 '公共节日 ' 获取到 0 个事件
2025-10-09 10:52:14,528 - INFO - 正在从日历 '3 ' 获取事件...
2025-10-09 10:52:15,252 - INFO - 从日历 '3 ' 获取到 0 个事件
2025-10-09 10:52:15,252 - INFO - 正在从日历 'wangyifan ' 获取事件...
2025-10-09 10:52:15,975 - INFO - 从日历 'wangyifan ' 获取到 0 个事件
2025-10-09 10:52:15,975 - INFO - 总共获取到 13 个CalDAV事件
2025-10-09 10:52:15,977 - INFO - 检测iCloud中被手动删除的事件...
2025-10-09 10:52:20,924 - INFO - 未发现iCloud中被手动删除的事件
2025-10-09 10:52:20,925 - INFO - 检测到变化：新增 0 个，修改 0 个，删除 0 个，iCloud恢复 0 个
2025-10-09 10:52:20,925 - INFO - 没有检测到变化，跳过同步
2025-10-09 10:52:20,925 - INFO - 同步执行成功
2025-10-09 10:52:20,925 - INFO - ==================================================
2025-10-09 10:53:05,479 - INFO - 正在合并旧的错误日志文件...
2025-10-09 10:53:05,479 - INFO - 旧错误日志文件已合并
2025-10-09 10:53:05,479 - INFO - ==================================================
2025-10-09 10:53:05,479 - INFO - 开始执行日历同步
2025-10-09 10:53:05,479 - INFO - 开始日历同步...
2025-10-09 10:53:05,479 - INFO - 正在连接CalDAV服务器...
2025-10-09 10:53:06,247 - INFO - CalDAV连接成功
2025-10-09 10:53:06,247 - INFO - 正在连接iCloud...
2025-10-09 10:53:06,247 - INFO - iCloud集成模块加载成功
2025-10-09 10:53:07,294 - INFO - 找到 5 个可用日历:
2025-10-09 10:53:07,295 - INFO -   1. 王一藩的日历  (URL: https://caldav.wecom.work/calendar/1688855111690473/)
2025-10-09 10:53:07,295 - INFO -   2. 任务  (URL: https://caldav.wecom.work/calendar/F23bSwRJSeHFQPf2kggAgB1/)
2025-10-09 10:53:07,295 - INFO -   3. 公共节日  (URL: https://caldav.wecom.work/calendar/F23KGlU~_lZ2M4SojBYAQT6/)
2025-10-09 10:53:07,295 - INFO -   4. 3  (URL: https://caldav.wecom.work/calendar/17882888095621966/)
2025-10-09 10:53:07,295 - INFO -   5. wangyifan  (URL: https://caldav.wecom.work/calendar/wangyifan%40jfrjeffery.wecom.work/)
2025-10-09 10:53:07,295 - INFO - 使用所有可用日历（共5个）
2025-10-09 10:53:07,295 - INFO - 正在从日历 '王一藩的日历 ' 获取事件...
2025-10-09 10:53:12,931 - INFO - 从日历 '王一藩的日历 ' 获取到 13 个事件
2025-10-09 10:53:12,933 - INFO - 正在从日历 '任务 ' 获取事件...
2025-10-09 10:53:13,844 - INFO - 从日历 '任务 ' 获取到 0 个事件
2025-10-09 10:53:13,844 - INFO - 正在从日历 '公共节日 ' 获取事件...
2025-10-09 10:53:14,562 - INFO - 从日历 '公共节日 ' 获取到 0 个事件
2025-10-09 10:53:14,562 - INFO - 正在从日历 '3 ' 获取事件...
2025-10-09 10:53:15,232 - INFO - 从日历 '3 ' 获取到 0 个事件
2025-10-09 10:53:15,233 - INFO - 正在从日历 'wangyifan ' 获取事件...
2025-10-09 10:53:15,899 - INFO - 从日历 'wangyifan ' 获取到 0 个事件
2025-10-09 10:53:15,899 - INFO - 总共获取到 13 个CalDAV事件
2025-10-09 10:53:15,900 - INFO - 检测iCloud中被手动删除的事件...
2025-10-09 10:53:21,128 - INFO - 未发现iCloud中被手动删除的事件
2025-10-09 10:53:21,128 - INFO - 检测到变化：新增 0 个，修改 0 个，删除 0 个，iCloud恢复 0 个
2025-10-09 10:53:21,129 - INFO - 没有检测到变化，跳过同步
2025-10-09 10:53:21,129 - INFO - 同步执行成功
2025-10-09 10:53:21,129 - INFO - ==================================================
2025-10-09 10:54:05,278 - INFO - 正在合并旧的错误日志文件...
2025-10-09 10:54:05,278 - INFO - 旧错误日志文件已合并
2025-10-09 10:54:05,278 - INFO - ==================================================
2025-10-09 10:54:05,278 - INFO - 开始执行日历同步
2025-10-09 10:54:05,278 - INFO - 开始日历同步...
2025-10-09 10:54:05,278 - INFO - 正在连接CalDAV服务器...
2025-10-09 10:54:06,121 - INFO - CalDAV连接成功
2025-10-09 10:54:06,122 - INFO - 正在连接iCloud...
2025-10-09 10:54:06,122 - INFO - iCloud集成模块加载成功
2025-10-09 10:54:07,260 - INFO - 找到 5 个可用日历:
2025-10-09 10:54:07,260 - INFO -   1. 王一藩的日历  (URL: https://caldav.wecom.work/calendar/1688855111690473/)
2025-10-09 10:54:07,260 - INFO -   2. 任务  (URL: https://caldav.wecom.work/calendar/F23bSwRJSeHFQPf2kggAgB1/)
2025-10-09 10:54:07,260 - INFO -   3. 公共节日  (URL: https://caldav.wecom.work/calendar/F23KGlU~_lZ2M4SojBYAQT6/)
2025-10-09 10:54:07,260 - INFO -   4. 3  (URL: https://caldav.wecom.work/calendar/17882888095621966/)
2025-10-09 10:54:07,261 - INFO -   5. wangyifan  (URL: https://caldav.wecom.work/calendar/wangyifan%40jfrjeffery.wecom.work/)
2025-10-09 10:54:07,261 - INFO - 使用所有可用日历（共5个）
2025-10-09 10:54:07,261 - INFO - 正在从日历 '王一藩的日历 ' 获取事件...
2025-10-09 10:54:12,696 - INFO - 从日历 '王一藩的日历 ' 获取到 13 个事件
2025-10-09 10:54:12,696 - INFO - 正在从日历 '任务 ' 获取事件...
2025-10-09 10:54:13,507 - INFO - 从日历 '任务 ' 获取到 0 个事件
2025-10-09 10:54:13,507 - INFO - 正在从日历 '公共节日 ' 获取事件...
2025-10-09 10:54:14,247 - INFO - 从日历 '公共节日 ' 获取到 0 个事件
2025-10-09 10:54:14,247 - INFO - 正在从日历 '3 ' 获取事件...
2025-10-09 10:54:14,904 - INFO - 从日历 '3 ' 获取到 0 个事件
2025-10-09 10:54:14,905 - INFO - 正在从日历 'wangyifan ' 获取事件...
2025-10-09 10:54:15,588 - INFO - 从日历 'wangyifan ' 获取到 0 个事件
2025-10-09 10:54:15,589 - INFO - 总共获取到 13 个CalDAV事件
2025-10-09 10:54:15,590 - INFO - 检测iCloud中被手动删除的事件...
2025-10-09 10:54:16,875 - INFO - 未发现iCloud中被手动删除的事件
2025-10-09 10:54:16,876 - INFO - 检测到变化：新增 0 个，修改 0 个，删除 0 个，iCloud恢复 0 个
2025-10-09 10:54:16,876 - INFO - 没有检测到变化，跳过同步
2025-10-09 10:54:16,877 - INFO - 同步执行成功
2025-10-09 10:54:16,877 - INFO - ==================================================
2025-10-09 10:55:05,197 - INFO - 正在合并旧的错误日志文件...
2025-10-09 10:55:05,197 - INFO - 旧错误日志文件已合并
2025-10-09 10:55:05,198 - INFO - ==================================================
2025-10-09 10:55:05,198 - INFO - 开始执行日历同步
2025-10-09 10:55:05,198 - INFO - 开始日历同步...
2025-10-09 10:55:05,198 - INFO - 正在连接CalDAV服务器...
2025-10-09 10:55:06,171 - INFO - CalDAV连接成功
2025-10-09 10:55:06,171 - INFO - 正在连接iCloud...
2025-10-09 10:55:06,171 - INFO - iCloud集成模块加载成功
2025-10-09 10:55:07,268 - INFO - 找到 5 个可用日历:
2025-10-09 10:55:07,268 - INFO -   1. 王一藩的日历  (URL: https://caldav.wecom.work/calendar/1688855111690473/)
2025-10-09 10:55:07,268 - INFO -   2. 任务  (URL: https://caldav.wecom.work/calendar/F23bSwRJSeHFQPf2kggAgB1/)
2025-10-09 10:55:07,268 - INFO -   3. 公共节日  (URL: https://caldav.wecom.work/calendar/F23KGlU~_lZ2M4SojBYAQT6/)
2025-10-09 10:55:07,269 - INFO -   4. 3  (URL: https://caldav.wecom.work/calendar/17882888095621966/)
2025-10-09 10:55:07,269 - INFO -   5. wangyifan  (URL: https://caldav.wecom.work/calendar/wangyifan%40jfrjeffery.wecom.work/)
2025-10-09 10:55:07,269 - INFO - 使用所有可用日历（共5个）
2025-10-09 10:55:07,269 - INFO - 正在从日历 '王一藩的日历 ' 获取事件...
2025-10-09 10:55:12,626 - INFO - 从日历 '王一藩的日历 ' 获取到 13 个事件
2025-10-09 10:55:12,626 - INFO - 正在从日历 '任务 ' 获取事件...
2025-10-09 10:55:13,322 - INFO - 从日历 '任务 ' 获取到 0 个事件
2025-10-09 10:55:13,322 - INFO - 正在从日历 '公共节日 ' 获取事件...
2025-10-09 10:55:14,002 - INFO - 从日历 '公共节日 ' 获取到 0 个事件
2025-10-09 10:55:14,002 - INFO - 正在从日历 '3 ' 获取事件...
2025-10-09 10:55:14,645 - INFO - 从日历 '3 ' 获取到 0 个事件
2025-10-09 10:55:14,645 - INFO - 正在从日历 'wangyifan ' 获取事件...
2025-10-09 10:55:15,388 - INFO - 从日历 'wangyifan ' 获取到 0 个事件
2025-10-09 10:55:15,388 - INFO - 总共获取到 13 个CalDAV事件
2025-10-09 10:55:15,389 - INFO - 检测iCloud中被手动删除的事件...
2025-10-09 10:55:16,716 - INFO - 未发现iCloud中被手动删除的事件
2025-10-09 10:55:16,717 - INFO - 检测到变化：新增 0 个，修改 0 个，删除 0 个，iCloud恢复 0 个
2025-10-09 10:55:16,717 - INFO - 没有检测到变化，跳过同步
2025-10-09 10:55:16,717 - INFO - 同步执行成功
2025-10-09 10:55:16,717 - INFO - ==================================================
2025-10-09 10:56:05,989 - INFO - 正在合并旧的错误日志文件...
2025-10-09 10:56:05,990 - INFO - 旧错误日志文件已合并
2025-10-09 10:56:05,990 - INFO - ==================================================
2025-10-09 10:56:05,990 - INFO - 开始执行日历同步
2025-10-09 10:56:05,990 - INFO - 开始日历同步...
2025-10-09 10:56:05,990 - INFO - 正在连接CalDAV服务器...
2025-10-09 10:56:08,134 - INFO - CalDAV连接成功
2025-10-09 10:56:08,134 - INFO - 正在连接iCloud...
2025-10-09 10:56:08,135 - INFO - iCloud集成模块加载成功
2025-10-09 10:56:09,364 - INFO - 找到 5 个可用日历:
2025-10-09 10:56:09,364 - INFO -   1. 王一藩的日历  (URL: https://caldav.wecom.work/calendar/1688855111690473/)
2025-10-09 10:56:09,365 - INFO -   2. 任务  (URL: https://caldav.wecom.work/calendar/F23bSwRJSeHFQPf2kggAgB1/)
2025-10-09 10:56:09,365 - INFO -   3. 公共节日  (URL: https://caldav.wecom.work/calendar/F23KGlU~_lZ2M4SojBYAQT6/)
2025-10-09 10:56:09,365 - INFO -   4. 3  (URL: https://caldav.wecom.work/calendar/17882888095621966/)
2025-10-09 10:56:09,365 - INFO -   5. wangyifan  (URL: https://caldav.wecom.work/calendar/wangyifan%40jfrjeffery.wecom.work/)
2025-10-09 10:56:09,365 - INFO - 使用所有可用日历（共5个）
2025-10-09 10:56:09,365 - INFO - 正在从日历 '王一藩的日历 ' 获取事件...
2025-10-09 10:56:13,886 - INFO - 从日历 '王一藩的日历 ' 获取到 12 个事件
2025-10-09 10:56:13,887 - INFO - 正在从日历 '任务 ' 获取事件...
2025-10-09 10:56:14,498 - INFO - 从日历 '任务 ' 获取到 0 个事件
2025-10-09 10:56:14,498 - INFO - 正在从日历 '公共节日 ' 获取事件...
2025-10-09 10:56:15,292 - INFO - 从日历 '公共节日 ' 获取到 0 个事件
2025-10-09 10:56:15,292 - INFO - 正在从日历 '3 ' 获取事件...
2025-10-09 10:56:16,033 - INFO - 从日历 '3 ' 获取到 0 个事件
2025-10-09 10:56:16,033 - INFO - 正在从日历 'wangyifan ' 获取事件...
2025-10-09 10:56:16,721 - INFO - 从日历 'wangyifan ' 获取到 0 个事件
2025-10-09 10:56:16,722 - INFO - 总共获取到 12 个CalDAV事件
2025-10-09 10:56:16,723 - INFO - 检测到删除事件：test add (Key: c5ccfd994c92d89b4217ae35936fe028cfvorjtp)
2025-10-09 10:56:16,723 - INFO - 检测iCloud中被手动删除的事件...
2025-10-09 10:56:18,003 - INFO - 未发现iCloud中被手动删除的事件
2025-10-09 10:56:18,006 - INFO - 检测到变化：新增 0 个，修改 0 个，删除 1 个，iCloud恢复 0 个
2025-10-09 10:56:18,007 - INFO - 删除事件详情:
2025-10-09 10:56:18,007 - INFO -   - test add (Key: c5ccfd994c92d89b4217ae35936fe028cfvorjtp)
2025-10-09 10:56:18,007 - INFO - 开始同步到iCloud...
2025-10-09 10:56:18,007 - INFO - 开始同步 1 个事件到iCloud日历
2025-10-09 10:56:18,607 - INFO - ✅ 删除事件：test add (Key: c5ccfd994c92d89b4217ae35936fe028cfvorjtp)
2025-10-09 10:56:18,619 - INFO - 成功同步 1/1 个事件
2025-10-09 10:56:18,619 - INFO - iCloud同步完成
2025-10-09 10:56:18,619 - INFO - 日历同步完成
2025-10-09 10:56:18,619 - INFO - 开始验证同步结果...
2025-10-09 10:56:19,762 - INFO - CalDAV事件数量: 12
2025-10-09 10:56:19,764 - INFO - iCloud事件数量: 12
2025-10-09 10:56:19,764 - INFO - CalDAV事件键: 12
2025-10-09 10:56:19,764 - INFO - 同步状态键: 12
2025-10-09 10:56:19,764 - INFO - iCloud同步标记键: 12
2025-10-09 10:56:19,764 - INFO - 状态表同步覆盖率: 100.00% (12/12)
2025-10-09 10:56:19,764 - INFO - 实际iCloud同步覆盖率: 100.00% (12/12)
2025-10-09 10:56:19,764 - INFO - 标题匹配度: 100.00% (4/4)
2025-10-09 10:56:19,764 - INFO - ✅ 事件内容验证通过
2025-10-09 10:56:19,764 - INFO - ✅ 同步验证通过：CalDAV和iCloud日历完全一致
2025-10-09 10:56:19,764 - INFO - 同步执行成功
2025-10-09 10:56:19,765 - INFO - ==================================================
2025-10-09 10:57:04,853 - INFO - 正在合并旧的错误日志文件...
2025-10-09 10:57:04,864 - INFO - 旧错误日志文件已合并
2025-10-09 10:57:04,865 - INFO - ==================================================
2025-10-09 10:57:04,865 - INFO - 开始执行日历同步
2025-10-09 10:57:04,865 - INFO - 开始日历同步...
2025-10-09 10:57:04,865 - INFO - 正在连接CalDAV服务器...
2025-10-09 10:57:06,202 - INFO - CalDAV连接成功
2025-10-09 10:57:06,202 - INFO - 正在连接iCloud...
2025-10-09 10:57:06,202 - INFO - iCloud集成模块加载成功
2025-10-09 10:57:07,367 - INFO - 找到 6 个可用日历:
2025-10-09 10:57:07,367 - INFO -   1. 王一藩的日历  (URL: https://caldav.wecom.work/calendar/1688855111690473/)
2025-10-09 10:57:07,367 - INFO -   2. 任务  (URL: https://caldav.wecom.work/calendar/F23bSwRJSeHFQPf2kggAgB1/)
2025-10-09 10:57:07,368 - INFO -   3. 公共节日  (URL: https://caldav.wecom.work/calendar/F23KGlU~_lZ2M4SojBYAQT6/)
2025-10-09 10:57:07,368 - INFO -   4. 2  (URL: https://caldav.wecom.work/calendar/17801386787276822/)
2025-10-09 10:57:07,368 - INFO -   5. 3  (URL: https://caldav.wecom.work/calendar/17882888095621966/)
2025-10-09 10:57:07,368 - INFO -   6. wangyifan  (URL: https://caldav.wecom.work/calendar/wangyifan%40jfrjeffery.wecom.work/)
2025-10-09 10:57:07,368 - INFO - 使用所有可用日历（共6个）
2025-10-09 10:57:07,368 - INFO - 正在从日历 '王一藩的日历 ' 获取事件...
2025-10-09 10:57:11,931 - INFO - 从日历 '王一藩的日历 ' 获取到 12 个事件
2025-10-09 10:57:11,931 - INFO - 正在从日历 '任务 ' 获取事件...
2025-10-09 10:57:12,588 - INFO - 从日历 '任务 ' 获取到 0 个事件
2025-10-09 10:57:12,588 - INFO - 正在从日历 '公共节日 ' 获取事件...
2025-10-09 10:57:13,321 - INFO - 从日历 '公共节日 ' 获取到 0 个事件
2025-10-09 10:57:13,321 - INFO - 正在从日历 '2 ' 获取事件...
2025-10-09 10:57:13,978 - INFO - 从日历 '2 ' 获取到 0 个事件
2025-10-09 10:57:13,979 - INFO - 正在从日历 '3 ' 获取事件...
2025-10-09 10:57:14,685 - INFO - 从日历 '3 ' 获取到 0 个事件
2025-10-09 10:57:14,685 - INFO - 正在从日历 'wangyifan ' 获取事件...
2025-10-09 10:57:15,347 - INFO - 从日历 'wangyifan ' 获取到 0 个事件
2025-10-09 10:57:15,348 - INFO - 总共获取到 12 个CalDAV事件
2025-10-09 10:57:15,348 - INFO - 检测iCloud中被手动删除的事件...
2025-10-09 10:57:16,521 - INFO - 未发现iCloud中被手动删除的事件
2025-10-09 10:57:16,521 - INFO - 检测到变化：新增 0 个，修改 0 个，删除 0 个，iCloud恢复 0 个
2025-10-09 10:57:16,521 - INFO - 没有检测到变化，跳过同步
2025-10-09 10:57:16,521 - INFO - 同步执行成功
2025-10-09 10:57:16,521 - INFO - ==================================================
2025-10-09 10:58:05,941 - INFO - 正在合并旧的错误日志文件...
2025-10-09 10:58:05,942 - INFO - 旧错误日志文件已合并
2025-10-09 10:58:05,942 - INFO - ==================================================
2025-10-09 10:58:05,942 - INFO - 开始执行日历同步
2025-10-09 10:58:05,942 - INFO - 开始日历同步...
2025-10-09 10:58:05,942 - INFO - 正在连接CalDAV服务器...
2025-10-09 10:58:07,046 - INFO - CalDAV连接成功
2025-10-09 10:58:07,047 - INFO - 正在连接iCloud...
2025-10-09 10:58:07,047 - INFO - iCloud集成模块加载成功
2025-10-09 10:58:08,373 - INFO - 找到 5 个可用日历:
2025-10-09 10:58:08,373 - INFO -   1. 王一藩的日历  (URL: https://caldav.wecom.work/calendar/1688855111690473/)
2025-10-09 10:58:08,373 - INFO -   2. 任务  (URL: https://caldav.wecom.work/calendar/F23bSwRJSeHFQPf2kggAgB1/)
2025-10-09 10:58:08,373 - INFO -   3. 公共节日  (URL: https://caldav.wecom.work/calendar/F23KGlU~_lZ2M4SojBYAQT6/)
2025-10-09 10:58:08,373 - INFO -   4. 3  (URL: https://caldav.wecom.work/calendar/17882888095621966/)
2025-10-09 10:58:08,373 - INFO -   5. wangyifan  (URL: https://caldav.wecom.work/calendar/wangyifan%40jfrjeffery.wecom.work/)
2025-10-09 10:58:08,374 - INFO - 使用所有可用日历（共5个）
2025-10-09 10:58:08,374 - INFO - 正在从日历 '王一藩的日历 ' 获取事件...
2025-10-09 10:58:13,043 - INFO - 从日历 '王一藩的日历 ' 获取到 12 个事件
2025-10-09 10:58:13,044 - INFO - 正在从日历 '任务 ' 获取事件...
2025-10-09 10:58:13,786 - INFO - 从日历 '任务 ' 获取到 0 个事件
2025-10-09 10:58:13,786 - INFO - 正在从日历 '公共节日 ' 获取事件...
2025-10-09 10:58:14,576 - INFO - 从日历 '公共节日 ' 获取到 0 个事件
2025-10-09 10:58:14,576 - INFO - 正在从日历 '3 ' 获取事件...
2025-10-09 10:58:15,371 - INFO - 从日历 '3 ' 获取到 0 个事件
2025-10-09 10:58:15,371 - INFO - 正在从日历 'wangyifan ' 获取事件...
2025-10-09 10:58:16,120 - INFO - 从日历 'wangyifan ' 获取到 0 个事件
2025-10-09 10:58:16,121 - INFO - 总共获取到 12 个CalDAV事件
2025-10-09 10:58:16,122 - INFO - 检测iCloud中被手动删除的事件...
2025-10-09 10:58:21,479 - INFO - 未发现iCloud中被手动删除的事件
2025-10-09 10:58:21,481 - INFO - 检测到变化：新增 0 个，修改 0 个，删除 0 个，iCloud恢复 0 个
2025-10-09 10:58:21,481 - INFO - 没有检测到变化，跳过同步
2025-10-09 10:58:21,482 - INFO - 同步执行成功
2025-10-09 10:58:21,482 - INFO - ==================================================
2025-10-09 10:59:05,861 - INFO - 正在合并旧的错误日志文件...
2025-10-09 10:59:05,862 - INFO - 旧错误日志文件已合并
2025-10-09 10:59:05,862 - INFO - ==================================================
2025-10-09 10:59:05,862 - INFO - 开始执行日历同步
2025-10-09 10:59:05,862 - INFO - 开始日历同步...
2025-10-09 10:59:05,862 - INFO - 正在连接CalDAV服务器...
2025-10-09 10:59:06,921 - INFO - CalDAV连接成功
2025-10-09 10:59:06,922 - INFO - 正在连接iCloud...
2025-10-09 10:59:06,922 - INFO - iCloud集成模块加载成功
2025-10-09 10:59:08,146 - INFO - 找到 5 个可用日历:
2025-10-09 10:59:08,146 - INFO -   1. 王一藩的日历  (URL: https://caldav.wecom.work/calendar/1688855111690473/)
2025-10-09 10:59:08,146 - INFO -   2. 任务  (URL: https://caldav.wecom.work/calendar/F23bSwRJSeHFQPf2kggAgB1/)
2025-10-09 10:59:08,146 - INFO -   3. 公共节日  (URL: https://caldav.wecom.work/calendar/F23KGlU~_lZ2M4SojBYAQT6/)
2025-10-09 10:59:08,146 - INFO -   4. 3  (URL: https://caldav.wecom.work/calendar/17882888095621966/)
2025-10-09 10:59:08,147 - INFO -   5. wangyifan  (URL: https://caldav.wecom.work/calendar/wangyifan%40jfrjeffery.wecom.work/)
2025-10-09 10:59:08,147 - INFO - 使用所有可用日历（共5个）
2025-10-09 10:59:08,147 - INFO - 正在从日历 '王一藩的日历 ' 获取事件...
2025-10-09 10:59:13,171 - INFO - 从日历 '王一藩的日历 ' 获取到 12 个事件
2025-10-09 10:59:13,171 - INFO - 正在从日历 '任务 ' 获取事件...
2025-10-09 10:59:13,874 - INFO - 从日历 '任务 ' 获取到 0 个事件
2025-10-09 10:59:13,875 - INFO - 正在从日历 '公共节日 ' 获取事件...
2025-10-09 10:59:14,899 - INFO - 从日历 '公共节日 ' 获取到 0 个事件
2025-10-09 10:59:14,900 - INFO - 正在从日历 '3 ' 获取事件...
2025-10-09 10:59:15,671 - INFO - 从日历 '3 ' 获取到 0 个事件
2025-10-09 10:59:15,672 - INFO - 正在从日历 'wangyifan ' 获取事件...
2025-10-09 10:59:16,380 - INFO - 从日历 'wangyifan ' 获取到 0 个事件
2025-10-09 10:59:16,381 - INFO - 总共获取到 12 个CalDAV事件
2025-10-09 10:59:16,382 - INFO - 检测iCloud中被手动删除的事件...
2025-10-09 10:59:21,324 - INFO - 未发现iCloud中被手动删除的事件
2025-10-09 10:59:21,324 - INFO - 检测到变化：新增 0 个，修改 0 个，删除 0 个，iCloud恢复 0 个
2025-10-09 10:59:21,325 - INFO - 没有检测到变化，跳过同步
2025-10-09 10:59:21,325 - INFO - 同步执行成功
2025-10-09 10:59:21,325 - INFO - ==================================================
