usage: daemon_manager.py [-h] [--config CONFIG] [--pid-file PID_FILE]
                         {start,stop,restart,status,daemon} ...
daemon_manager.py: error: unrecognized arguments: --config config.json
usage: daemon_manager.py [-h] [--config CONFIG] [--pid-file PID_FILE]
                         {start,stop,restart,status,daemon} ...
daemon_manager.py: error: unrecognized arguments: --config config.json
usage: daemon_manager.py [-h] [--config CONFIG] [--pid-file PID_FILE]
                         {start,stop,restart,status,daemon} ...
daemon_manager.py: error: unrecognized arguments: --config config.json
usage: daemon_manager.py [-h] [--config CONFIG] [--pid-file PID_FILE]
                         {start,stop,restart,status,daemon} ...
daemon_manager.py: error: unrecognized arguments: --config config.json
usage: daemon_manager.py [-h] [--config CONFIG] [--pid-file PID_FILE]
                         {start,stop,restart,status,daemon} ...
daemon_manager.py: error: unrecognized arguments: --config config.json
usage: daemon_manager.py [-h] [--config CONFIG] [--pid-file PID_FILE]
                         {start,stop,restart,status,daemon} ...
daemon_manager.py: error: unrecognized arguments: --config config.json
usage: daemon_manager.py [-h] [--config CONFIG] [--pid-file PID_FILE]
                         {start,stop,restart,status,daemon} ...
daemon_manager.py: error: unrecognized arguments: --config config.json
usage: daemon_manager.py [-h] [--config CONFIG] [--pid-file PID_FILE]
                         {start,stop,restart,status,daemon} ...
daemon_manager.py: error: unrecognized arguments: --config config.json
usage: daemon_manager.py [-h] [--config CONFIG] [--pid-file PID_FILE]
                         {start,stop,restart,status,daemon} ...
daemon_manager.py: error: unrecognized arguments: --config config.json
usage: daemon_manager.py [-h] [--config CONFIG] [--pid-file PID_FILE]
                         {start,stop,restart,status,daemon} ...
daemon_manager.py: error: unrecognized arguments: --config config.json
usage: daemon_manager.py [-h] [--config CONFIG] [--pid-file PID_FILE]
                         {start,stop,restart,status,daemon} ...
daemon_manager.py: error: unrecognized arguments: --config config.json
usage: daemon_manager.py [-h] [--config CONFIG] [--pid-file PID_FILE]
                         {start,stop,restart,status,daemon} ...
daemon_manager.py: error: unrecognized arguments: --config config.json
usage: daemon_manager.py [-h] [--config CONFIG] [--pid-file PID_FILE]
                         {start,stop,restart,status,daemon} ...
daemon_manager.py: error: unrecognized arguments: --config config.json
usage: daemon_manager.py [-h] [--config CONFIG] [--pid-file PID_FILE]
                         {start,stop,restart,status,daemon} ...
daemon_manager.py: error: unrecognized arguments: --config config.json
usage: daemon_manager.py [-h] [--config CONFIG] [--pid-file PID_FILE]
                         {start,stop,restart,status,daemon} ...
daemon_manager.py: error: unrecognized arguments: --config config.json
usage: daemon_manager.py [-h] [--config CONFIG] [--pid-file PID_FILE]
                         {start,stop,restart,status,daemon} ...
daemon_manager.py: error: unrecognized arguments: --config config.json
usage: daemon_manager.py [-h] [--config CONFIG] [--pid-file PID_FILE]
                         {start,stop,restart,status,daemon} ...
daemon_manager.py: error: unrecognized arguments: --config config.json
usage: daemon_manager.py [-h] [--config CONFIG] [--pid-file PID_FILE]
                         {start,stop,restart,status,daemon} ...
daemon_manager.py: error: unrecognized arguments: --config config.json
usage: daemon_manager.py [-h] [--config CONFIG] [--pid-file PID_FILE]
                         {start,stop,restart,status,daemon} ...
daemon_manager.py: error: unrecognized arguments: --config config.json
usage: daemon_manager.py [-h] [--config CONFIG] [--pid-file PID_FILE]
                         {start,stop,restart,status,daemon} ...
daemon_manager.py: error: unrecognized arguments: --config config.json
usage: daemon_manager.py [-h] [--config CONFIG] [--pid-file PID_FILE]
                         {start,stop,restart,status,daemon} ...
daemon_manager.py: error: unrecognized arguments: --config config.json
usage: daemon_manager.py [-h] [--config CONFIG] [--pid-file PID_FILE]
                         {start,stop,restart,status,daemon} ...
daemon_manager.py: error: unrecognized arguments: --config config.json
usage: daemon_manager.py [-h] [--config CONFIG] [--pid-file PID_FILE]
                         {start,stop,restart,status,daemon} ...
daemon_manager.py: error: unrecognized arguments: --config config.json
usage: daemon_manager.py [-h] [--config CONFIG] [--pid-file PID_FILE]
                         {start,stop,restart,status,daemon} ...
daemon_manager.py: error: unrecognized arguments: --config config.json
usage: daemon_manager.py [-h] [--config CONFIG] [--pid-file PID_FILE]
                         {start,stop,restart,status,daemon} ...
daemon_manager.py: error: unrecognized arguments: --config config.json
usage: daemon_manager.py [-h] [--config CONFIG] [--pid-file PID_FILE]
                         {start,stop,restart,status,daemon} ...
daemon_manager.py: error: unrecognized arguments: --config config.json
usage: daemon_manager.py [-h] [--config CONFIG] [--pid-file PID_FILE]
                         {start,stop,restart,status,daemon} ...
daemon_manager.py: error: unrecognized arguments: --config config.json
usage: daemon_manager.py [-h] [--config CONFIG] [--pid-file PID_FILE]
                         {start,stop,restart,status,daemon} ...
daemon_manager.py: error: unrecognized arguments: --config config.json
usage: daemon_manager.py [-h] [--config CONFIG] [--pid-file PID_FILE]
                         {start,stop,restart,status,daemon} ...
daemon_manager.py: error: unrecognized arguments: --config config.json
usage: daemon_manager.py [-h] [--config CONFIG] [--pid-file PID_FILE]
                         {start,stop,restart,status,daemon} ...
daemon_manager.py: error: unrecognized arguments: --config config.json
usage: daemon_manager.py [-h] [--config CONFIG] [--pid-file PID_FILE]
                         {start,stop,restart,status,daemon} ...
daemon_manager.py: error: unrecognized arguments: --config config.json
usage: daemon_manager.py [-h] [--config CONFIG] [--pid-file PID_FILE]
                         {start,stop,restart,status,daemon} ...
daemon_manager.py: error: unrecognized arguments: --config config.json
usage: daemon_manager.py [-h] [--config CONFIG] [--pid-file PID_FILE]
                         {start,stop,restart,status,daemon} ...
daemon_manager.py: error: unrecognized arguments: --config config.json
usage: daemon_manager.py [-h] [--config CONFIG] [--pid-file PID_FILE]
                         {start,stop,restart,status,daemon} ...
daemon_manager.py: error: unrecognized arguments: --config config.json
usage: daemon_manager.py [-h] [--config CONFIG] [--pid-file PID_FILE]
                         {start,stop,restart,status,daemon} ...
daemon_manager.py: error: unrecognized arguments: --config config.json
usage: daemon_manager.py [-h] [--config CONFIG] [--pid-file PID_FILE]
                         {start,stop,restart,status,daemon} ...
daemon_manager.py: error: unrecognized arguments: --config config.json
usage: daemon_manager.py [-h] [--config CONFIG] [--pid-file PID_FILE]
                         {start,stop,restart,status,daemon} ...
daemon_manager.py: error: unrecognized arguments: --config config.json
usage: daemon_manager.py [-h] [--config CONFIG] [--pid-file PID_FILE]
                         {start,stop,restart,status,daemon} ...
daemon_manager.py: error: unrecognized arguments: --config config.json
usage: daemon_manager.py [-h] [--config CONFIG] [--pid-file PID_FILE]
                         {start,stop,restart,status,daemon} ...
daemon_manager.py: error: unrecognized arguments: --config config.json
usage: daemon_manager.py [-h] [--config CONFIG] [--pid-file PID_FILE]
                         {start,stop,restart,status,daemon} ...
daemon_manager.py: error: unrecognized arguments: --config config.json
usage: daemon_manager.py [-h] [--config CONFIG] [--pid-file PID_FILE]
                         {start,stop,restart,status,daemon} ...
daemon_manager.py: error: unrecognized arguments: --config config.json
usage: daemon_manager.py [-h] [--config CONFIG] [--pid-file PID_FILE]
                         {start,stop,restart,status,daemon} ...
daemon_manager.py: error: unrecognized arguments: --config config.json
usage: daemon_manager.py [-h] [--config CONFIG] [--pid-file PID_FILE]
                         {start,stop,restart,status,daemon} ...
daemon_manager.py: error: unrecognized arguments: --config config.json
usage: daemon_manager.py [-h] [--config CONFIG] [--pid-file PID_FILE]
                         {start,stop,restart,status,daemon} ...
daemon_manager.py: error: unrecognized arguments: --config config.json
usage: daemon_manager.py [-h] [--config CONFIG] [--pid-file PID_FILE]
                         {start,stop,restart,status,daemon} ...
daemon_manager.py: error: unrecognized arguments: --config config.json
usage: daemon_manager.py [-h] [--config CONFIG] [--pid-file PID_FILE]
                         {start,stop,restart,status,daemon} ...
daemon_manager.py: error: unrecognized arguments: --config config.json
usage: daemon_manager.py [-h] [--config CONFIG] [--pid-file PID_FILE]
                         {start,stop,restart,status,daemon} ...
daemon_manager.py: error: unrecognized arguments: --config config.json
usage: daemon_manager.py [-h] [--config CONFIG] [--pid-file PID_FILE]
                         {start,stop,restart,status,daemon} ...
daemon_manager.py: error: unrecognized arguments: --config config.json
usage: daemon_manager.py [-h] [--config CONFIG] [--pid-file PID_FILE]
                         {start,stop,restart,status,daemon} ...
daemon_manager.py: error: unrecognized arguments: --config config.json
usage: daemon_manager.py [-h] [--config CONFIG] [--pid-file PID_FILE]
                         {start,stop,restart,status,daemon} ...
daemon_manager.py: error: unrecognized arguments: --config config.json
usage: daemon_manager.py [-h] [--config CONFIG] [--pid-file PID_FILE]
                         {start,stop,restart,status,daemon} ...
daemon_manager.py: error: unrecognized arguments: --config config.json
usage: daemon_manager.py [-h] [--config CONFIG] [--pid-file PID_FILE]
                         {start,stop,restart,status,daemon} ...
daemon_manager.py: error: unrecognized arguments: --config config.json
usage: daemon_manager.py [-h] [--config CONFIG] [--pid-file PID_FILE]
                         {start,stop,restart,status,daemon} ...
daemon_manager.py: error: unrecognized arguments: --config config.json
usage: daemon_manager.py [-h] [--config CONFIG] [--pid-file PID_FILE]
                         {start,stop,restart,status,daemon} ...
daemon_manager.py: error: unrecognized arguments: --config config.json
usage: daemon_manager.py [-h] [--config CONFIG] [--pid-file PID_FILE]
                         {start,stop,restart,status,daemon} ...
daemon_manager.py: error: unrecognized arguments: --config config.json
usage: daemon_manager.py [-h] [--config CONFIG] [--pid-file PID_FILE]
                         {start,stop,restart,status,daemon} ...
daemon_manager.py: error: unrecognized arguments: --config config.json
usage: daemon_manager.py [-h] [--config CONFIG] [--pid-file PID_FILE]
                         {start,stop,restart,status,daemon} ...
daemon_manager.py: error: unrecognized arguments: --config config.json
usage: daemon_manager.py [-h] [--config CONFIG] [--pid-file PID_FILE]
                         {start,stop,restart,status,daemon} ...
daemon_manager.py: error: unrecognized arguments: --config config.json
usage: daemon_manager.py [-h] [--config CONFIG] [--pid-file PID_FILE]
                         {start,stop,restart,status,daemon} ...
daemon_manager.py: error: unrecognized arguments: --config config.json
usage: daemon_manager.py [-h] [--config CONFIG] [--pid-file PID_FILE]
                         {start,stop,restart,status,daemon} ...
daemon_manager.py: error: unrecognized arguments: --config config.json
usage: daemon_manager.py [-h] [--config CONFIG] [--pid-file PID_FILE]
                         {start,stop,restart,status,daemon} ...
daemon_manager.py: error: unrecognized arguments: --config config.json
usage: daemon_manager.py [-h] [--config CONFIG] [--pid-file PID_FILE]
                         {start,stop,restart,status,daemon} ...
daemon_manager.py: error: unrecognized arguments: --config config.json
usage: daemon_manager.py [-h] [--config CONFIG] [--pid-file PID_FILE]
                         {start,stop,restart,status,daemon} ...
daemon_manager.py: error: unrecognized arguments: --config config.json
usage: daemon_manager.py [-h] [--config CONFIG] [--pid-file PID_FILE]
                         {start,stop,restart,status,daemon} ...
daemon_manager.py: error: unrecognized arguments: --config config.json
usage: daemon_manager.py [-h] [--config CONFIG] [--pid-file PID_FILE]
                         {start,stop,restart,status,daemon} ...
daemon_manager.py: error: unrecognized arguments: --config config.json
usage: daemon_manager.py [-h] [--config CONFIG] [--pid-file PID_FILE]
                         {start,stop,restart,status,daemon} ...
daemon_manager.py: error: unrecognized arguments: --config config.json
usage: daemon_manager.py [-h] [--config CONFIG] [--pid-file PID_FILE]
                         {start,stop,restart,status,daemon} ...
daemon_manager.py: error: unrecognized arguments: --config config.json
usage: daemon_manager.py [-h] [--config CONFIG] [--pid-file PID_FILE]
                         {start,stop,restart,status,daemon} ...
daemon_manager.py: error: unrecognized arguments: --config config.json
usage: daemon_manager.py [-h] [--config CONFIG] [--pid-file PID_FILE]
                         {start,stop,restart,status,daemon} ...
daemon_manager.py: error: unrecognized arguments: --config config.json
usage: daemon_manager.py [-h] [--config CONFIG] [--pid-file PID_FILE]
                         {start,stop,restart,status,daemon} ...
daemon_manager.py: error: unrecognized arguments: --config config.json
usage: daemon_manager.py [-h] [--config CONFIG] [--pid-file PID_FILE]
                         {start,stop,restart,status,daemon} ...
daemon_manager.py: error: unrecognized arguments: --config config.json
usage: daemon_manager.py [-h] [--config CONFIG] [--pid-file PID_FILE]
                         {start,stop,restart,status,daemon} ...
daemon_manager.py: error: unrecognized arguments: --config config.json
usage: daemon_manager.py [-h] [--config CONFIG] [--pid-file PID_FILE]
                         {start,stop,restart,status,daemon} ...
daemon_manager.py: error: unrecognized arguments: --config config.json
usage: daemon_manager.py [-h] [--config CONFIG] [--pid-file PID_FILE]
                         {start,stop,restart,status,daemon} ...
daemon_manager.py: error: unrecognized arguments: --config config.json
usage: daemon_manager.py [-h] [--config CONFIG] [--pid-file PID_FILE]
                         {start,stop,restart,status,daemon} ...
daemon_manager.py: error: unrecognized arguments: --config config.json
usage: daemon_manager.py [-h] [--config CONFIG] [--pid-file PID_FILE]
                         {start,stop,restart,status,daemon} ...
daemon_manager.py: error: unrecognized arguments: --config config.json
usage: daemon_manager.py [-h] [--config CONFIG] [--pid-file PID_FILE]
                         {start,stop,restart,status,daemon} ...
daemon_manager.py: error: unrecognized arguments: --config config.json
usage: daemon_manager.py [-h] [--config CONFIG] [--pid-file PID_FILE]
                         {start,stop,restart,status,daemon} ...
daemon_manager.py: error: unrecognized arguments: --config config.json
usage: daemon_manager.py [-h] [--config CONFIG] [--pid-file PID_FILE]
                         {start,stop,restart,status,daemon} ...
daemon_manager.py: error: unrecognized arguments: --config config.json
usage: daemon_manager.py [-h] [--config CONFIG] [--pid-file PID_FILE]
                         {start,stop,restart,status,daemon} ...
daemon_manager.py: error: unrecognized arguments: --config config.json
usage: daemon_manager.py [-h] [--config CONFIG] [--pid-file PID_FILE]
                         {start,stop,restart,status,daemon} ...
daemon_manager.py: error: unrecognized arguments: --config config.json
usage: daemon_manager.py [-h] [--config CONFIG] [--pid-file PID_FILE]
                         {start,stop,restart,status,daemon} ...
daemon_manager.py: error: unrecognized arguments: --config config.json
usage: daemon_manager.py [-h] [--config CONFIG] [--pid-file PID_FILE]
                         {start,stop,restart,status,daemon} ...
daemon_manager.py: error: unrecognized arguments: --config config.json
usage: daemon_manager.py [-h] [--config CONFIG] [--pid-file PID_FILE]
                         {start,stop,restart,status,daemon} ...
daemon_manager.py: error: unrecognized arguments: --config config.json
usage: daemon_manager.py [-h] [--config CONFIG] [--pid-file PID_FILE]
                         {start,stop,restart,status,daemon} ...
daemon_manager.py: error: unrecognized arguments: --config config.json
2025-10-14 11:49:28,751 - INFO - 配置文件加载成功：/Users/wang/CalSync/config.json
2025-10-14 11:49:28,752 - WARNING - 守护进程已在运行
2025-10-14 11:49:38,723 - INFO - 配置文件加载成功：/Users/wang/CalSync/config.json
2025-10-14 11:49:38,724 - WARNING - 守护进程已在运行
2025-10-14 11:49:50,023 - INFO - 配置文件加载成功：/Users/wang/CalSync/config.json
2025-10-14 11:49:50,024 - WARNING - 守护进程已在运行
2025-10-14 11:50:00,330 - INFO - 配置文件加载成功：/Users/wang/CalSync/config.json
2025-10-14 11:50:00,331 - WARNING - 守护进程已在运行
2025-10-14 11:50:10,361 - INFO - 配置文件加载成功：/Users/wang/CalSync/config.json
2025-10-14 11:50:10,362 - WARNING - 守护进程已在运行
2025-10-14 11:50:20,451 - INFO - 配置文件加载成功：/Users/wang/CalSync/config.json
2025-10-14 11:50:20,452 - WARNING - 守护进程已在运行
2025-10-14 11:50:30,477 - INFO - 配置文件加载成功：/Users/wang/CalSync/config.json
2025-10-14 11:50:30,478 - WARNING - 守护进程已在运行
2025-10-14 11:50:40,466 - INFO - 配置文件加载成功：/Users/wang/CalSync/config.json
2025-10-14 11:50:40,467 - WARNING - 守护进程已在运行
2025-10-14 11:50:51,780 - INFO - 配置文件加载成功：/Users/wang/CalSync/config.json
2025-10-14 11:50:51,781 - WARNING - 守护进程已在运行
2025-10-14 11:51:01,658 - INFO - 配置文件加载成功：/Users/wang/CalSync/config.json
2025-10-14 11:51:01,658 - WARNING - 守护进程已在运行
2025-10-14 11:51:12,769 - INFO - 配置文件加载成功：/Users/wang/CalSync/config.json
2025-10-14 11:51:12,769 - WARNING - 守护进程已在运行
2025-10-14 11:51:22,870 - INFO - 配置文件加载成功：/Users/wang/CalSync/config.json
2025-10-14 11:51:22,871 - WARNING - 守护进程已在运行
2025-10-14 11:51:32,997 - INFO - 配置文件加载成功：/Users/wang/CalSync/config.json
2025-10-14 11:51:32,997 - WARNING - 守护进程已在运行
2025-10-14 11:51:43,084 - INFO - 配置文件加载成功：/Users/wang/CalSync/config.json
2025-10-14 11:51:43,085 - WARNING - 守护进程已在运行
2025-10-14 11:51:53,212 - INFO - 配置文件加载成功：/Users/wang/CalSync/config.json
2025-10-14 11:51:53,213 - WARNING - 守护进程已在运行
2025-10-14 11:52:03,312 - INFO - 配置文件加载成功：/Users/wang/CalSync/config.json
2025-10-14 11:52:03,313 - WARNING - 守护进程已在运行
2025-10-14 11:52:13,330 - INFO - 配置文件加载成功：/Users/wang/CalSync/config.json
2025-10-14 11:52:13,331 - WARNING - 守护进程已在运行
2025-10-14 11:52:23,429 - INFO - 配置文件加载成功：/Users/wang/CalSync/config.json
2025-10-14 11:52:23,431 - WARNING - 守护进程已在运行
2025-10-14 11:52:33,595 - INFO - 配置文件加载成功：/Users/wang/CalSync/config.json
2025-10-14 11:52:33,596 - WARNING - 守护进程已在运行
2025-10-14 11:52:43,670 - INFO - 配置文件加载成功：/Users/wang/CalSync/config.json
2025-10-14 11:52:43,670 - WARNING - 守护进程已在运行
2025-10-14 11:52:53,869 - INFO - 配置文件加载成功：/Users/wang/CalSync/config.json
2025-10-14 11:52:53,871 - WARNING - 守护进程已在运行
2025-10-14 11:53:04,044 - INFO - 配置文件加载成功：/Users/wang/CalSync/config.json
2025-10-14 11:53:04,045 - WARNING - 守护进程已在运行
2025-10-14 11:53:14,250 - INFO - 配置文件加载成功：/Users/wang/CalSync/config.json
2025-10-14 11:53:14,251 - WARNING - 守护进程已在运行
2025-10-14 11:53:24,431 - INFO - 配置文件加载成功：/Users/wang/CalSync/config.json
2025-10-14 11:53:24,433 - WARNING - 守护进程已在运行
2025-10-14 11:53:34,323 - INFO - 配置文件加载成功：/Users/wang/CalSync/config.json
2025-10-14 11:53:34,324 - WARNING - 守护进程已在运行
2025-10-14 11:53:45,354 - INFO - 配置文件加载成功：/Users/wang/CalSync/config.json
2025-10-14 11:53:45,355 - WARNING - 守护进程已在运行
2025-10-14 11:53:55,437 - INFO - 配置文件加载成功：/Users/wang/CalSync/config.json
2025-10-14 11:53:55,437 - WARNING - 守护进程已在运行
2025-10-14 11:54:05,453 - INFO - 配置文件加载成功：/Users/wang/CalSync/config.json
2025-10-14 11:54:05,454 - WARNING - 守护进程已在运行
2025-10-14 11:54:16,414 - INFO - 配置文件加载成功：/Users/wang/CalSync/config.json
2025-10-14 11:54:16,415 - WARNING - 守护进程已在运行
2025-10-14 11:54:27,423 - INFO - 配置文件加载成功：/Users/wang/CalSync/config.json
2025-10-14 11:54:27,424 - WARNING - 守护进程已在运行
2025-10-14 11:54:37,347 - INFO - 配置文件加载成功：/Users/wang/CalSync/config.json
2025-10-14 11:54:37,348 - WARNING - 守护进程已在运行
2025-10-14 11:54:48,324 - INFO - 配置文件加载成功：/Users/wang/CalSync/config.json
2025-10-14 11:54:48,330 - WARNING - 守护进程已在运行
2025-10-14 11:54:59,238 - INFO - 配置文件加载成功：/Users/wang/CalSync/config.json
2025-10-14 11:54:59,238 - WARNING - 守护进程已在运行
2025-10-14 11:55:10,204 - INFO - 配置文件加载成功：/Users/wang/CalSync/config.json
2025-10-14 11:55:10,204 - INFO - 启动CalSync守护进程...
2025-10-14 11:55:10,204 - INFO - PID文件已写入：/Users/wang/CalSync/daemon/cal_sync_daemon.pid
2025-10-14 11:55:10,205 - INFO - 同步工作线程启动
2025-10-14 11:55:10,205 - INFO - 源路由配置 - CalDAV索引: [], EventKit日历: [], EventKit索引: [6]
2025-10-14 11:55:10,206 - INFO - 守护进程启动成功
2025-10-14 11:55:10,207 - INFO - 开始第 1 次同步...
2025-10-14 11:55:10,207 - INFO - 开始日历同步...
2025-10-14 11:55:10,207 - INFO - 正在连接CalDAV服务器...
2025-10-14 11:55:11,491 - INFO - CalDAV连接成功
2025-10-14 11:55:11,492 - INFO - 正在连接iCloud...
2025-10-14 11:55:11,492 - INFO - iCloud集成模块加载成功
2025-10-14 11:55:13,572 - INFO - 使用EventKit获取日历索引：[6]
2025-10-14 11:55:15,324 - INFO - CalDAV 索引 6 对应日历：运佳的日历 
2025-10-14 11:55:15,325 - INFO - 正在从EventKit获取事件，CalDAV索引：[6]，对应日历：['运佳的日历 ']
未找到匹配的 EventKit 日历，CalDAV 日历名称：['运佳的日历 ']
2025-10-14 11:55:15,474 - INFO - 从EventKit获取到 0 个事件
2025-10-14 11:55:15,474 - INFO - 合并后总事件数：0 (CalDAV: 0, EventKit: 0)
2025-10-14 11:55:15,474 - INFO - 没有找到需要同步的事件
2025-10-14 11:55:15,474 - INFO - 第 1 次同步成功，耗时 5.27 秒
2025-10-14 11:55:15,475 - INFO - 等待 5 分钟后进行下次同步...
2025-10-14 12:00:15,523 - INFO - 开始第 2 次同步...
2025-10-14 12:00:15,523 - INFO - 开始日历同步...
2025-10-14 12:00:15,523 - INFO - 正在连接CalDAV服务器...
2025-10-14 12:00:16,852 - INFO - CalDAV连接成功
2025-10-14 12:00:16,855 - INFO - 正在连接iCloud...
2025-10-14 12:00:16,855 - INFO - iCloud集成模块加载成功
2025-10-14 12:00:19,136 - INFO - 使用EventKit获取日历索引：[6]
2025-10-14 12:00:20,922 - INFO - CalDAV 索引 6 对应日历：运佳的日历 
2025-10-14 12:00:20,923 - INFO - 正在从EventKit获取事件，CalDAV索引：[6]，对应日历：['运佳的日历 ']
未找到匹配的 EventKit 日历，CalDAV 日历名称：['运佳的日历 ']
2025-10-14 12:00:21,000 - INFO - 从EventKit获取到 0 个事件
2025-10-14 12:00:21,000 - INFO - 合并后总事件数：0 (CalDAV: 0, EventKit: 0)
2025-10-14 12:00:21,000 - INFO - 没有找到需要同步的事件
2025-10-14 12:00:21,000 - INFO - 第 2 次同步成功，耗时 5.48 秒
2025-10-14 12:00:21,003 - INFO - 等待 5 分钟后进行下次同步...
2025-10-14 12:05:21,108 - INFO - 开始第 3 次同步...
2025-10-14 12:05:21,110 - INFO - 开始日历同步...
2025-10-14 12:05:21,111 - INFO - 正在连接CalDAV服务器...
2025-10-14 12:05:22,297 - INFO - CalDAV连接成功
2025-10-14 12:05:22,297 - INFO - 正在连接iCloud...
2025-10-14 12:05:22,297 - INFO - iCloud集成模块加载成功
2025-10-14 12:05:24,218 - INFO - 使用EventKit获取日历索引：[6]
2025-10-14 12:05:25,937 - INFO - CalDAV 索引 6 对应日历：运佳的日历 
2025-10-14 12:05:25,937 - INFO - 正在从EventKit获取事件，CalDAV索引：[6]，对应日历：['运佳的日历 ']
未找到匹配的 EventKit 日历，CalDAV 日历名称：['运佳的日历 ']
2025-10-14 12:05:26,013 - INFO - 从EventKit获取到 0 个事件
2025-10-14 12:05:26,014 - INFO - 合并后总事件数：0 (CalDAV: 0, EventKit: 0)
2025-10-14 12:05:26,014 - INFO - 没有找到需要同步的事件
2025-10-14 12:05:26,014 - INFO - 第 3 次同步成功，耗时 4.90 秒
2025-10-14 12:05:26,017 - INFO - 等待 5 分钟后进行下次同步...
2025-10-14 12:10:26,060 - INFO - 开始第 4 次同步...
2025-10-14 12:10:26,061 - INFO - 开始日历同步...
2025-10-14 12:10:26,062 - INFO - 正在连接CalDAV服务器...
2025-10-14 12:10:27,271 - INFO - CalDAV连接成功
2025-10-14 12:10:27,272 - INFO - 正在连接iCloud...
2025-10-14 12:10:27,272 - INFO - iCloud集成模块加载成功
2025-10-14 12:10:29,120 - INFO - 使用EventKit获取日历索引：[6]
2025-10-14 12:10:30,823 - INFO - CalDAV 索引 6 对应日历：运佳的日历 
2025-10-14 12:10:30,823 - INFO - 正在从EventKit获取事件，CalDAV索引：[6]，对应日历：['运佳的日历 ']
未找到匹配的 EventKit 日历，CalDAV 日历名称：['运佳的日历 ']
2025-10-14 12:10:30,901 - INFO - 从EventKit获取到 0 个事件
2025-10-14 12:10:30,901 - INFO - 合并后总事件数：0 (CalDAV: 0, EventKit: 0)
2025-10-14 12:10:30,902 - INFO - 没有找到需要同步的事件
2025-10-14 12:10:30,902 - INFO - 第 4 次同步成功，耗时 4.84 秒
2025-10-14 12:10:30,904 - INFO - 等待 5 分钟后进行下次同步...
2025-10-14 12:14:01,202 - INFO - 收到信号 15，正在停止守护进程...
2025-10-14 12:14:01,203 - INFO - 停止CalSync守护进程...
2025-10-14 12:14:11,298 - INFO - 守护进程已停止
2025-10-14 12:15:31,009 - INFO - 开始第 5 次同步...
2025-10-14 12:15:31,010 - INFO - 开始日历同步...
2025-10-14 12:15:31,010 - INFO - 正在连接CalDAV服务器...
2025-10-14 12:15:32,235 - INFO - CalDAV连接成功
2025-10-14 12:15:32,237 - INFO - 正在连接iCloud...
2025-10-14 12:15:32,238 - INFO - iCloud集成模块加载成功
2025-10-14 12:15:34,318 - INFO - 使用EventKit获取日历索引：[6]
2025-10-14 12:15:36,089 - INFO - CalDAV 索引 6 对应日历：运佳的日历 
2025-10-14 12:15:36,089 - INFO - 正在从EventKit获取事件，CalDAV索引：[6]，对应日历：['运佳的日历 ']
未找到匹配的 EventKit 日历，CalDAV 日历名称：['运佳的日历 ']
2025-10-14 12:15:36,157 - INFO - 从EventKit获取到 0 个事件
2025-10-14 12:15:36,158 - INFO - 合并后总事件数：0 (CalDAV: 0, EventKit: 0)
2025-10-14 12:15:36,158 - INFO - 没有找到需要同步的事件
2025-10-14 12:15:36,158 - INFO - 第 5 次同步成功，耗时 5.15 秒
2025-10-14 12:15:36,180 - INFO - 等待 5 分钟后进行下次同步...
2025-10-14 12:17:20,519 - INFO - 配置文件加载成功：/Users/wang/CalSync/config.json
2025-10-14 12:17:20,519 - INFO - 启动CalSync守护进程...
2025-10-14 12:17:20,520 - INFO - PID文件已写入：/Users/wang/CalSync/daemon/cal_sync_daemon.pid
2025-10-14 12:17:20,521 - INFO - 同步工作线程启动
2025-10-14 12:17:20,521 - INFO - 源路由配置 - CalDAV索引: [], EventKit日历: [], EventKit索引: [6]
2025-10-14 12:17:20,523 - INFO - 守护进程启动成功
2025-10-14 12:17:20,523 - INFO - 开始第 1 次同步...
2025-10-14 12:17:20,523 - INFO - 开始日历同步...
2025-10-14 12:17:20,524 - INFO - 正在连接CalDAV服务器...
2025-10-14 12:17:22,005 - INFO - CalDAV连接成功
2025-10-14 12:17:22,005 - INFO - 正在连接iCloud...
2025-10-14 12:17:22,006 - INFO - iCloud集成模块加载成功
2025-10-14 12:17:23,887 - INFO - 使用EventKit获取日历索引：[6]
2025-10-14 12:17:25,596 - INFO - CalDAV 索引 6 对应日历：运佳的日历 
2025-10-14 12:17:25,596 - INFO - 正在从EventKit获取事件，CalDAV索引：[6]，对应日历：['运佳的日历 ']
未找到匹配的 EventKit 日历，CalDAV 日历名称：['运佳的日历 ']
2025-10-14 12:17:25,700 - INFO - 从EventKit获取到 0 个事件
2025-10-14 12:17:25,700 - INFO - 合并后总事件数：0 (CalDAV: 0, EventKit: 0)
2025-10-14 12:17:25,701 - INFO - 没有找到需要同步的事件
2025-10-14 12:17:25,701 - INFO - 第 1 次同步成功，耗时 5.18 秒
2025-10-14 12:17:25,702 - INFO - 等待 5 分钟后进行下次同步...
2025-10-14 12:22:25,805 - INFO - 开始第 2 次同步...
2025-10-14 12:22:25,807 - INFO - 开始日历同步...
2025-10-14 12:22:25,807 - INFO - 正在连接CalDAV服务器...
2025-10-14 12:22:26,945 - INFO - CalDAV连接成功
2025-10-14 12:22:26,945 - INFO - 正在连接iCloud...
2025-10-14 12:22:26,946 - INFO - iCloud集成模块加载成功
2025-10-14 12:22:28,018 - INFO - 使用EventKit获取日历索引：[6]
2025-10-14 12:22:29,837 - INFO - CalDAV 索引 6 对应日历：运佳的日历 
2025-10-14 12:22:29,837 - INFO - 正在从EventKit获取事件，CalDAV索引：[6]，对应日历：['运佳的日历 ']
未找到匹配的 EventKit 日历，CalDAV 日历名称：['运佳的日历 ']
2025-10-14 12:22:29,915 - INFO - 从EventKit获取到 0 个事件
2025-10-14 12:22:29,915 - INFO - 合并后总事件数：0 (CalDAV: 0, EventKit: 0)
2025-10-14 12:22:29,915 - INFO - 没有找到需要同步的事件
2025-10-14 12:22:29,915 - INFO - 第 2 次同步成功，耗时 4.11 秒
2025-10-14 12:22:29,918 - INFO - 等待 5 分钟后进行下次同步...
2025-10-14 12:25:10,073 - INFO - 收到信号 15，正在停止守护进程...
2025-10-14 12:25:10,442 - WARNING - 守护进程未运行
2025-10-14 12:27:30,041 - INFO - 同步工作线程结束
2025-10-14 12:27:31,011 - INFO - 配置文件加载成功：/Users/wang/CalSync/config.json
2025-10-14 12:27:31,012 - WARNING - 守护进程已在运行
2025-10-14 12:27:41,980 - INFO - 配置文件加载成功：/Users/wang/CalSync/config.json
2025-10-14 12:27:41,980 - DEBUG - 读取到PID: 57496
2025-10-14 12:27:41,980 - DEBUG - 进程名: Python, 命令行: /Library/Frameworks/Python.framework/Versions/3.10/Resources/Python.app/Contents/MacOS/Python /Users/wang/CalSync/daemon/daemon_manager.py start
2025-10-14 12:27:41,980 - DEBUG - 守护进程正在运行
2025-10-14 12:27:41,981 - WARNING - 守护进程已在运行
2025-10-14 12:27:53,018 - INFO - 配置文件加载成功：/Users/wang/CalSync/config.json
2025-10-14 12:27:53,019 - DEBUG - 读取到PID: 57496
2025-10-14 12:27:53,020 - DEBUG - 进程名: Python, 命令行: /Library/Frameworks/Python.framework/Versions/3.10/Resources/Python.app/Contents/MacOS/Python /Users/wang/CalSync/daemon/daemon_manager.py start
2025-10-14 12:27:53,021 - DEBUG - 守护进程正在运行
2025-10-14 12:27:53,021 - WARNING - 守护进程已在运行
2025-10-14 12:28:02,967 - INFO - 配置文件加载成功：/Users/wang/CalSync/config.json
2025-10-14 12:28:02,967 - DEBUG - 读取到PID: 57496
2025-10-14 12:28:02,968 - DEBUG - 进程名: Python, 命令行: /Library/Frameworks/Python.framework/Versions/3.10/Resources/Python.app/Contents/MacOS/Python /Users/wang/CalSync/daemon/daemon_manager.py start
2025-10-14 12:28:02,968 - DEBUG - 守护进程正在运行
2025-10-14 12:28:02,968 - WARNING - 守护进程已在运行
2025-10-14 12:28:13,901 - INFO - 配置文件加载成功：/Users/wang/CalSync/config.json
2025-10-14 12:28:13,901 - DEBUG - 读取到PID: 57496
2025-10-14 12:28:13,902 - DEBUG - 进程名: Python, 命令行: /Library/Frameworks/Python.framework/Versions/3.10/Resources/Python.app/Contents/MacOS/Python /Users/wang/CalSync/daemon/daemon_manager.py start
2025-10-14 12:28:13,902 - DEBUG - 守护进程正在运行
2025-10-14 12:28:13,902 - WARNING - 守护进程已在运行
2025-10-14 12:28:24,920 - INFO - 配置文件加载成功：/Users/wang/CalSync/config.json
2025-10-14 12:28:24,920 - DEBUG - 读取到PID: 57496
2025-10-14 12:28:24,920 - DEBUG - 进程名: Python, 命令行: /Library/Frameworks/Python.framework/Versions/3.10/Resources/Python.app/Contents/MacOS/Python /Users/wang/CalSync/daemon/daemon_manager.py start
2025-10-14 12:28:24,921 - DEBUG - 守护进程正在运行
2025-10-14 12:28:24,921 - WARNING - 守护进程已在运行
2025-10-14 12:28:34,834 - INFO - 配置文件加载成功：/Users/wang/CalSync/config.json
2025-10-14 12:28:34,834 - DEBUG - 读取到PID: 57496
2025-10-14 12:28:34,835 - DEBUG - 进程名: Python, 命令行: /Library/Frameworks/Python.framework/Versions/3.10/Resources/Python.app/Contents/MacOS/Python /Users/wang/CalSync/daemon/daemon_manager.py start
2025-10-14 12:28:34,835 - DEBUG - 守护进程正在运行
2025-10-14 12:28:34,835 - WARNING - 守护进程已在运行
2025-10-14 12:28:45,743 - INFO - 配置文件加载成功：/Users/wang/CalSync/config.json
2025-10-14 12:28:45,743 - DEBUG - 读取到PID: 57496
2025-10-14 12:28:45,744 - DEBUG - 进程名: Python, 命令行: /Library/Frameworks/Python.framework/Versions/3.10/Resources/Python.app/Contents/MacOS/Python /Users/wang/CalSync/daemon/daemon_manager.py start
2025-10-14 12:28:45,744 - DEBUG - 守护进程正在运行
2025-10-14 12:28:45,744 - WARNING - 守护进程已在运行
2025-10-14 12:28:56,710 - INFO - 配置文件加载成功：/Users/wang/CalSync/config.json
2025-10-14 12:28:56,710 - DEBUG - 读取到PID: 57496
2025-10-14 12:28:56,711 - DEBUG - 进程名: Python, 命令行: /Library/Frameworks/Python.framework/Versions/3.10/Resources/Python.app/Contents/MacOS/Python /Users/wang/CalSync/daemon/daemon_manager.py start
2025-10-14 12:28:56,711 - DEBUG - 守护进程正在运行
2025-10-14 12:28:56,711 - WARNING - 守护进程已在运行
2025-10-14 12:29:07,657 - INFO - 配置文件加载成功：/Users/wang/CalSync/config.json
2025-10-14 12:29:07,658 - DEBUG - 读取到PID: 57496
2025-10-14 12:29:07,658 - DEBUG - 进程名: Python, 命令行: /Library/Frameworks/Python.framework/Versions/3.10/Resources/Python.app/Contents/MacOS/Python /Users/wang/CalSync/daemon/daemon_manager.py start
2025-10-14 12:29:07,658 - DEBUG - 守护进程正在运行
2025-10-14 12:29:07,658 - WARNING - 守护进程已在运行
2025-10-14 12:29:18,540 - INFO - 配置文件加载成功：/Users/wang/CalSync/config.json
2025-10-14 12:29:18,541 - DEBUG - 读取到PID: 57496
2025-10-14 12:29:18,541 - DEBUG - 进程名: Python, 命令行: /Library/Frameworks/Python.framework/Versions/3.10/Resources/Python.app/Contents/MacOS/Python /Users/wang/CalSync/daemon/daemon_manager.py start
2025-10-14 12:29:18,541 - DEBUG - 守护进程正在运行
2025-10-14 12:29:18,541 - WARNING - 守护进程已在运行
2025-10-14 12:29:29,702 - INFO - 配置文件加载成功：/Users/wang/CalSync/config.json
2025-10-14 12:29:29,702 - DEBUG - 读取到PID: 57496
2025-10-14 12:29:29,703 - DEBUG - 进程名: Python, 命令行: /Library/Frameworks/Python.framework/Versions/3.10/Resources/Python.app/Contents/MacOS/Python /Users/wang/CalSync/daemon/daemon_manager.py start
2025-10-14 12:29:29,703 - DEBUG - 守护进程正在运行
2025-10-14 12:29:29,703 - WARNING - 守护进程已在运行
2025-10-14 12:29:39,726 - INFO - 配置文件加载成功：/Users/wang/CalSync/config.json
2025-10-14 12:29:39,726 - DEBUG - 读取到PID: 57496
2025-10-14 12:29:39,727 - DEBUG - 进程名: Python, 命令行: /Library/Frameworks/Python.framework/Versions/3.10/Resources/Python.app/Contents/MacOS/Python /Users/wang/CalSync/daemon/daemon_manager.py start
2025-10-14 12:29:39,727 - DEBUG - 守护进程正在运行
2025-10-14 12:29:39,727 - WARNING - 守护进程已在运行
2025-10-14 12:29:50,877 - INFO - 配置文件加载成功：/Users/wang/CalSync/config.json
2025-10-14 12:29:50,878 - DEBUG - 读取到PID: 57496
2025-10-14 12:29:50,879 - DEBUG - 进程名: Python, 命令行: /Library/Frameworks/Python.framework/Versions/3.10/Resources/Python.app/Contents/MacOS/Python /Users/wang/CalSync/daemon/daemon_manager.py start
2025-10-14 12:29:50,879 - DEBUG - 守护进程正在运行
2025-10-14 12:29:50,879 - WARNING - 守护进程已在运行
2025-10-14 12:30:00,882 - INFO - 配置文件加载成功：/Users/wang/CalSync/config.json
2025-10-14 12:30:00,885 - DEBUG - 读取到PID: 57496
2025-10-14 12:30:00,887 - DEBUG - 进程名: Python, 命令行: /Library/Frameworks/Python.framework/Versions/3.10/Resources/Python.app/Contents/MacOS/Python /Users/wang/CalSync/daemon/daemon_manager.py start
2025-10-14 12:30:00,888 - DEBUG - 守护进程正在运行
2025-10-14 12:30:00,888 - WARNING - 守护进程已在运行
2025-10-14 12:30:10,819 - INFO - 配置文件加载成功：/Users/wang/CalSync/config.json
2025-10-14 12:30:10,819 - DEBUG - 读取到PID: 57496
2025-10-14 12:30:10,820 - DEBUG - 进程名: Python, 命令行: /Library/Frameworks/Python.framework/Versions/3.10/Resources/Python.app/Contents/MacOS/Python /Users/wang/CalSync/daemon/daemon_manager.py start
2025-10-14 12:30:10,820 - DEBUG - 守护进程正在运行
2025-10-14 12:30:10,820 - WARNING - 守护进程已在运行
2025-10-14 12:30:21,834 - INFO - 配置文件加载成功：/Users/wang/CalSync/config.json
2025-10-14 12:30:21,835 - DEBUG - 读取到PID: 57496
2025-10-14 12:30:21,835 - DEBUG - 进程名: Python, 命令行: /Library/Frameworks/Python.framework/Versions/3.10/Resources/Python.app/Contents/MacOS/Python /Users/wang/CalSync/daemon/daemon_manager.py start
2025-10-14 12:30:21,836 - DEBUG - 守护进程正在运行
2025-10-14 12:30:21,836 - WARNING - 守护进程已在运行
2025-10-14 12:30:31,819 - INFO - 配置文件加载成功：/Users/wang/CalSync/config.json
2025-10-14 12:30:31,819 - DEBUG - 读取到PID: 57496
2025-10-14 12:30:31,820 - DEBUG - 进程名: Python, 命令行: /Library/Frameworks/Python.framework/Versions/3.10/Resources/Python.app/Contents/MacOS/Python /Users/wang/CalSync/daemon/daemon_manager.py start
2025-10-14 12:30:31,820 - DEBUG - 守护进程正在运行
2025-10-14 12:30:31,820 - WARNING - 守护进程已在运行
2025-10-14 12:30:42,811 - INFO - 配置文件加载成功：/Users/wang/CalSync/config.json
2025-10-14 12:30:42,811 - DEBUG - PID文件不存在: /Users/wang/CalSync/daemon/cal_sync_daemon.pid
2025-10-14 12:30:42,811 - INFO - 启动CalSync守护进程...
2025-10-14 12:30:42,812 - INFO - PID文件已写入：/Users/wang/CalSync/daemon/cal_sync_daemon.pid
2025-10-14 12:30:42,813 - INFO - 同步工作线程启动
2025-10-14 12:30:42,813 - INFO - 源路由配置 - CalDAV索引: [], EventKit日历: [], EventKit索引: [6]
2025-10-14 12:30:42,814 - INFO - 守护进程启动成功
2025-10-14 12:30:42,815 - INFO - 开始第 1 次同步...
2025-10-14 12:30:42,816 - INFO - 开始日历同步...
2025-10-14 12:30:42,816 - INFO - 正在连接CalDAV服务器...
2025-10-14 12:30:44,038 - INFO - CalDAV连接成功
2025-10-14 12:30:44,039 - INFO - 正在连接iCloud...
2025-10-14 12:30:44,039 - INFO - iCloud集成模块加载成功
2025-10-14 12:30:45,884 - INFO - 使用EventKit获取日历索引：[6]
2025-10-14 12:30:47,595 - INFO - CalDAV 索引 6 对应日历：运佳的日历 
2025-10-14 12:30:47,596 - INFO - 正在从EventKit获取事件，CalDAV索引：[6]，对应日历：['运佳的日历 ']
未找到匹配的 EventKit 日历，CalDAV 日历名称：['运佳的日历 ']
2025-10-14 12:30:47,704 - INFO - 从EventKit获取到 0 个事件
2025-10-14 12:30:47,704 - INFO - 合并后总事件数：0 (CalDAV: 0, EventKit: 0)
2025-10-14 12:30:47,704 - INFO - 没有找到需要同步的事件
2025-10-14 12:30:47,704 - INFO - 第 1 次同步成功，耗时 4.89 秒
2025-10-14 12:30:47,705 - INFO - 等待 5 分钟后进行下次同步...
2025-10-14 12:31:14,922 - INFO - 收到信号 15，正在停止守护进程...
2025-10-14 12:31:15,180 - DEBUG - 读取到PID: 58141
2025-10-14 12:31:15,181 - DEBUG - 进程名: Python, 命令行: /Library/Frameworks/Python.framework/Versions/3.10/Resources/Python.app/Contents/MacOS/Python /Users/wang/CalSync/daemon/daemon_manager.py daemon --config config.json
2025-10-14 12:31:15,181 - DEBUG - 守护进程正在运行
2025-10-14 12:31:15,181 - INFO - 停止CalSync守护进程...
2025-10-14 12:31:15,182 - INFO - 收到信号 15，正在停止守护进程...
2025-10-14 12:31:26,062 - INFO - 配置文件加载成功：/Users/wang/CalSync/config.json
2025-10-14 12:31:26,062 - DEBUG - PID文件不存在: /Users/wang/CalSync/daemon/cal_sync_daemon.pid
2025-10-14 12:31:26,062 - INFO - 启动CalSync守护进程...
2025-10-14 12:31:26,062 - INFO - PID文件已写入：/Users/wang/CalSync/daemon/cal_sync_daemon.pid
2025-10-14 12:31:26,063 - INFO - 同步工作线程启动
2025-10-14 12:31:26,063 - INFO - 源路由配置 - CalDAV索引: [], EventKit日历: [], EventKit索引: [6]
2025-10-14 12:31:26,063 - INFO - 守护进程启动成功
2025-10-14 12:31:26,064 - INFO - 开始第 1 次同步...
2025-10-14 12:31:26,064 - INFO - 开始日历同步...
2025-10-14 12:31:26,064 - INFO - 正在连接CalDAV服务器...
2025-10-14 12:31:27,255 - INFO - CalDAV连接成功
2025-10-14 12:31:27,255 - INFO - 正在连接iCloud...
2025-10-14 12:31:27,255 - INFO - iCloud集成模块加载成功
2025-10-14 12:31:28,924 - INFO - 使用EventKit获取日历索引：[6]
2025-10-14 12:31:30,664 - INFO - CalDAV 索引 6 对应日历：运佳的日历 
2025-10-14 12:31:30,665 - INFO - 正在从EventKit获取事件，CalDAV索引：[6]，对应日历：['运佳的日历 ']
未找到匹配的 EventKit 日历，CalDAV 日历名称：['运佳的日历 ']
2025-10-14 12:31:30,768 - INFO - 从EventKit获取到 0 个事件
2025-10-14 12:31:30,768 - INFO - 合并后总事件数：0 (CalDAV: 0, EventKit: 0)
2025-10-14 12:31:30,768 - INFO - 没有找到需要同步的事件
2025-10-14 12:31:30,768 - INFO - 第 1 次同步成功，耗时 4.70 秒
2025-10-14 12:31:30,770 - INFO - 等待 5 分钟后进行下次同步...
2025-10-14 12:36:30,804 - INFO - 开始第 2 次同步...
2025-10-14 12:36:30,805 - INFO - 开始日历同步...
2025-10-14 12:36:30,805 - INFO - 正在连接CalDAV服务器...
2025-10-14 12:36:31,937 - INFO - CalDAV连接成功
2025-10-14 12:36:31,937 - INFO - 正在连接iCloud...
2025-10-14 12:36:31,938 - INFO - iCloud集成模块加载成功
2025-10-14 12:36:33,958 - INFO - 使用EventKit获取日历索引：[6]
2025-10-14 12:36:35,707 - INFO - CalDAV 索引 6 对应日历：运佳的日历 
2025-10-14 12:36:35,708 - INFO - 正在从EventKit获取事件，CalDAV索引：[6]，对应日历：['运佳的日历 ']
未找到匹配的 EventKit 日历，CalDAV 日历名称：['运佳的日历 ']
2025-10-14 12:36:35,789 - INFO - 从EventKit获取到 0 个事件
2025-10-14 12:36:35,789 - INFO - 合并后总事件数：0 (CalDAV: 0, EventKit: 0)
2025-10-14 12:36:35,790 - INFO - 没有找到需要同步的事件
2025-10-14 12:36:35,790 - INFO - 第 2 次同步成功，耗时 4.98 秒
2025-10-14 12:36:35,792 - INFO - 等待 5 分钟后进行下次同步...
2025-10-14 12:41:35,885 - INFO - 开始第 3 次同步...
2025-10-14 12:41:35,886 - INFO - 开始日历同步...
2025-10-14 12:41:35,886 - INFO - 正在连接CalDAV服务器...
2025-10-14 12:41:36,990 - INFO - CalDAV连接成功
2025-10-14 12:41:36,990 - INFO - 正在连接iCloud...
2025-10-14 12:41:36,990 - INFO - iCloud集成模块加载成功
2025-10-14 12:41:38,460 - INFO - 使用EventKit获取日历索引：[6]
2025-10-14 12:41:40,106 - INFO - CalDAV 索引 6 对应日历：运佳的日历 
2025-10-14 12:41:40,106 - INFO - 正在从EventKit获取事件，CalDAV索引：[6]，对应日历：['运佳的日历 ']
未找到匹配的 EventKit 日历，CalDAV 日历名称：['运佳的日历 ']
2025-10-14 12:41:40,172 - INFO - 从EventKit获取到 0 个事件
2025-10-14 12:41:40,173 - INFO - 合并后总事件数：0 (CalDAV: 0, EventKit: 0)
2025-10-14 12:41:40,173 - INFO - 没有找到需要同步的事件
2025-10-14 12:41:40,173 - INFO - 第 3 次同步成功，耗时 4.29 秒
2025-10-14 12:41:40,175 - INFO - 等待 5 分钟后进行下次同步...
2025-10-14 12:42:51,020 - INFO - 收到信号 15，正在停止守护进程...
2025-10-14 12:42:51,424 - DEBUG - 读取到PID: 59155
2025-10-14 12:42:51,425 - DEBUG - 进程不存在
2025-10-14 12:42:51,425 - WARNING - 守护进程未运行
